{"C:\\Users\\infoe\\WebstormProjects\\gadget-galaxy-backend\\src\\app.ts": {"path":"C:\\Users\\infoe\\WebstormProjects\\gadget-galaxy-backend\\src\\app.ts","statementMap":{"0":{"start":{"line":1,"column":0},"end":{"line":1,"column":47}},"1":{"start":{"line":2,"column":0},"end":{"line":2,"column":24}},"2":{"start":{"line":3,"column":0},"end":{"line":3,"column":69}},"3":{"start":{"line":4,"column":0},"end":{"line":4,"column":53}},"4":{"start":{"line":5,"column":0},"end":{"line":5,"column":42}},"5":{"start":{"line":7,"column":25},"end":{"line":7,"column":34}},"6":{"start":{"line":9,"column":0},"end":{"line":9,"column":24}},"7":{"start":{"line":11,"column":0},"end":{"line":19,"column":2}},"8":{"start":{"line":22,"column":0},"end":{"line":22,"column":31}},"9":{"start":{"line":27,"column":0},"end":{"line":27,"column":22}},"10":{"start":{"line":30,"column":0},"end":{"line":30,"column":28}},"11":{"start":{"line":32,"column":0},"end":{"line":32,"column":19}}},"fnMap":{},"branchMap":{},"s":{"0":0,"1":0,"2":0,"3":0,"4":0,"5":0,"6":0,"7":0,"8":0,"9":0,"10":0,"11":0},"f":{},"b":{}}
,"C:\\Users\\infoe\\WebstormProjects\\gadget-galaxy-backend\\src\\app\\middleware\\authGaurd.ts": {"path":"C:\\Users\\infoe\\WebstormProjects\\gadget-galaxy-backend\\src\\app\\middleware\\authGaurd.ts","statementMap":{"0":{"start":{"line":1,"column":0},"end":{"line":1,"column":45}},"1":{"start":{"line":2,"column":0},"end":{"line":2,"column":35}},"2":{"start":{"line":5,"column":0},"end":{"line":5,"column":34}},"3":{"start":{"line":7,"column":0},"end":{"line":7,"column":44}},"4":{"start":{"line":10,"column":18},"end":{"line":43,"column":1}},"5":{"start":{"line":11,"column":4},"end":{"line":42,"column":6}},"6":{"start":{"line":11,"column":69},"end":{"line":42,"column":6}},"7":{"start":{"line":12,"column":8},"end":{"line":41,"column":9}},"8":{"start":{"line":13,"column":26},"end":{"line":13,"column":51}},"9":{"start":{"line":14,"column":12},"end":{"line":16,"column":13}},"10":{"start":{"line":15,"column":16},"end":{"line":15,"column":66}},"11":{"start":{"line":18,"column":32},"end":{"line":18,"column":78}},"12":{"start":{"line":20,"column":38},"end":{"line":20,"column":64}},"13":{"start":{"line":22,"column":25},"end":{"line":27,"column":14}},"14":{"start":{"line":29,"column":12},"end":{"line":31,"column":13}},"15":{"start":{"line":30,"column":16},"end":{"line":30,"column":59}},"16":{"start":{"line":33,"column":12},"end":{"line":35,"column":13}},"17":{"start":{"line":34,"column":16},"end":{"line":34,"column":66}},"18":{"start":{"line":37,"column":12},"end":{"line":37,"column":50}},"19":{"start":{"line":38,"column":12},"end":{"line":38,"column":19}},"20":{"start":{"line":40,"column":12},"end":{"line":40,"column":24}},"21":{"start":{"line":44,"column":0},"end":{"line":44,"column":25}}},"fnMap":{"0":{"name":"(anonymous_8)","decl":{"start":{"line":10,"column":18},"end":{"line":10,"column":19}},"loc":{"start":{"line":10,"column":41},"end":{"line":43,"column":1}}},"1":{"name":"(anonymous_9)","decl":{"start":{"line":11,"column":11},"end":{"line":11,"column":18}},"loc":{"start":{"line":11,"column":69},"end":{"line":42,"column":6}}},"2":{"name":"(anonymous_10)","decl":{"start":{"line":11,"column":69},"end":{"line":11,"column":null}},"loc":{"start":{"line":11,"column":69},"end":{"line":42,"column":5}}}},"branchMap":{"0":{"loc":{"start":{"line":14,"column":12},"end":{"line":16,"column":13}},"type":"if","locations":[{"start":{"line":14,"column":12},"end":{"line":16,"column":13}}]},"1":{"loc":{"start":{"line":29,"column":12},"end":{"line":31,"column":13}},"type":"if","locations":[{"start":{"line":29,"column":12},"end":{"line":31,"column":13}}]},"2":{"loc":{"start":{"line":33,"column":12},"end":{"line":35,"column":13}},"type":"if","locations":[{"start":{"line":33,"column":12},"end":{"line":35,"column":13}}]},"3":{"loc":{"start":{"line":33,"column":16},"end":{"line":33,"column":53}},"type":"binary-expr","locations":[{"start":{"line":33,"column":16},"end":{"line":33,"column":28}},{"start":{"line":33,"column":32},"end":{"line":33,"column":53}}]}},"s":{"0":0,"1":0,"2":0,"3":0,"4":0,"5":0,"6":0,"7":0,"8":0,"9":0,"10":0,"11":0,"12":0,"13":0,"14":0,"15":0,"16":0,"17":0,"18":0,"19":0,"20":0,"21":0},"f":{"0":0,"1":0,"2":0},"b":{"0":[0],"1":[0],"2":[0],"3":[0,0]}}
,"C:\\Users\\infoe\\WebstormProjects\\gadget-galaxy-backend\\src\\app\\middleware\\globalErrorHandler.ts": {"path":"C:\\Users\\infoe\\WebstormProjects\\gadget-galaxy-backend\\src\\app\\middleware\\globalErrorHandler.ts","statementMap":{"0":{"start":{"line":1,"column":0},"end":{"line":1,"column":40}},"1":{"start":{"line":3,"column":0},"end":{"line":3,"column":31}},"2":{"start":{"line":5,"column":27},"end":{"line":48,"column":1}},"3":{"start":{"line":11,"column":23},"end":{"line":15,"column":3}},"4":{"start":{"line":17,"column":1},"end":{"line":28,"column":2}},"5":{"start":{"line":18,"column":2},"end":{"line":27,"column":3}},"6":{"start":{"line":19,"column":16},"end":{"line":19,"column":18}},"7":{"start":{"line":20,"column":3},"end":{"line":23,"column":7}},"8":{"start":{"line":20,"column":39},"end":{"line":23,"column":5}},"9":{"start":{"line":24,"column":3},"end":{"line":24,"column":34}},"10":{"start":{"line":25,"column":3},"end":{"line":25,"column":46}},"11":{"start":{"line":26,"column":3},"end":{"line":26,"column":39}},"12":{"start":{"line":29,"column":1},"end":{"line":35,"column":2}},"13":{"start":{"line":30,"column":2},"end":{"line":34,"column":3}},"14":{"start":{"line":31,"column":3},"end":{"line":31,"column":34}},"15":{"start":{"line":32,"column":3},"end":{"line":32,"column":49}},"16":{"start":{"line":33,"column":3},"end":{"line":33,"column":48}},"17":{"start":{"line":36,"column":1},"end":{"line":42,"column":2}},"18":{"start":{"line":37,"column":2},"end":{"line":41,"column":3}},"19":{"start":{"line":38,"column":3},"end":{"line":38,"column":34}},"20":{"start":{"line":39,"column":3},"end":{"line":39,"column":45}},"21":{"start":{"line":40,"column":3},"end":{"line":40,"column":null}},"22":{"start":{"line":43,"column":1},"end":{"line":47,"column":4}},"23":{"start":{"line":50,"column":0},"end":{"line":50,"column":34}}},"fnMap":{"0":{"name":"(anonymous_0)","decl":{"start":{"line":5,"column":27},"end":{"line":5,"column":null}},"loc":{"start":{"line":10,"column":4},"end":{"line":48,"column":1}}},"1":{"name":"(anonymous_1)","decl":{"start":{"line":20,"column":27},"end":{"line":20,"column":28}},"loc":{"start":{"line":20,"column":39},"end":{"line":23,"column":5}}}},"branchMap":{"0":{"loc":{"start":{"line":12,"column":14},"end":{"line":12,"column":35}},"type":"binary-expr","locations":[{"start":{"line":12,"column":14},"end":{"line":12,"column":28}},{"start":{"line":12,"column":32},"end":{"line":12,"column":35}}]},"1":{"loc":{"start":{"line":17,"column":1},"end":{"line":28,"column":2}},"type":"if","locations":[{"start":{"line":17,"column":1},"end":{"line":28,"column":2}}]},"2":{"loc":{"start":{"line":18,"column":2},"end":{"line":27,"column":3}},"type":"if","locations":[{"start":{"line":18,"column":2},"end":{"line":27,"column":3}}]},"3":{"loc":{"start":{"line":29,"column":1},"end":{"line":35,"column":2}},"type":"if","locations":[{"start":{"line":29,"column":1},"end":{"line":35,"column":2}}]},"4":{"loc":{"start":{"line":30,"column":2},"end":{"line":34,"column":3}},"type":"if","locations":[{"start":{"line":30,"column":2},"end":{"line":34,"column":3}}]},"5":{"loc":{"start":{"line":36,"column":1},"end":{"line":42,"column":2}},"type":"if","locations":[{"start":{"line":36,"column":1},"end":{"line":42,"column":2}}]},"6":{"loc":{"start":{"line":37,"column":2},"end":{"line":41,"column":3}},"type":"if","locations":[{"start":{"line":37,"column":2},"end":{"line":41,"column":3}}]}},"s":{"0":0,"1":0,"2":0,"3":0,"4":0,"5":0,"6":0,"7":0,"8":0,"9":0,"10":0,"11":0,"12":0,"13":0,"14":0,"15":0,"16":0,"17":0,"18":0,"19":0,"20":0,"21":0,"22":0,"23":0},"f":{"0":0,"1":0},"b":{"0":[0,0],"1":[0],"2":[0],"3":[0],"4":[0],"5":[0],"6":[0]}}
,"C:\\Users\\infoe\\WebstormProjects\\gadget-galaxy-backend\\src\\app\\middleware\\notFound.ts": {"path":"C:\\Users\\infoe\\WebstormProjects\\gadget-galaxy-backend\\src\\app\\middleware\\notFound.ts","statementMap":{"0":{"start":{"line":3,"column":21},"end":{"line":9,"column":1}},"1":{"start":{"line":4,"column":3},"end":{"line":8,"column":null}},"2":{"start":{"line":11,"column":0},"end":{"line":11,"column":28}}},"fnMap":{"0":{"name":"(anonymous_0)","decl":{"start":{"line":3,"column":21},"end":{"line":3,"column":22}},"loc":{"start":{"line":3,"column":53},"end":{"line":9,"column":1}}}},"branchMap":{},"s":{"0":0,"1":0,"2":0},"f":{"0":0},"b":{}}
,"C:\\Users\\infoe\\WebstormProjects\\gadget-galaxy-backend\\src\\app\\middleware\\validateRequest.ts": {"path":"C:\\Users\\infoe\\WebstormProjects\\gadget-galaxy-backend\\src\\app\\middleware\\validateRequest.ts","statementMap":{"0":{"start":{"line":2,"column":0},"end":{"line":2,"column":48}},"1":{"start":{"line":5,"column":24},"end":{"line":10,"column":1}},"2":{"start":{"line":6,"column":3},"end":{"line":9,"column":null}},"3":{"start":{"line":6,"column":74},"end":{"line":9,"column":5}},"4":{"start":{"line":7,"column":6},"end":{"line":7,"column":null}},"5":{"start":{"line":8,"column":6},"end":{"line":8,"column":null}},"6":{"start":{"line":13,"column":0},"end":{"line":13,"column":null}}},"fnMap":{"0":{"name":"(anonymous_8)","decl":{"start":{"line":5,"column":24},"end":{"line":5,"column":25}},"loc":{"start":{"line":5,"column":48},"end":{"line":10,"column":1}}},"1":{"name":"(anonymous_9)","decl":{"start":{"line":6,"column":21},"end":{"line":6,"column":27}},"loc":{"start":{"line":6,"column":74},"end":{"line":9,"column":5}}},"2":{"name":"(anonymous_10)","decl":{"start":{"line":6,"column":74},"end":{"line":6,"column":null}},"loc":{"start":{"line":6,"column":74},"end":{"line":9,"column":4}}}},"branchMap":{},"s":{"0":0,"1":0,"2":0,"3":0,"4":0,"5":0,"6":0},"f":{"0":0,"1":0,"2":0},"b":{}}
,"C:\\Users\\infoe\\WebstormProjects\\gadget-galaxy-backend\\src\\app\\modules\\address\\address.controller.ts": {"path":"C:\\Users\\infoe\\WebstormProjects\\gadget-galaxy-backend\\src\\app\\modules\\address\\address.controller.ts","statementMap":{"0":{"start":{"line":3,"column":0},"end":{"line":3,"column":51}},"1":{"start":{"line":4,"column":0},"end":{"line":4,"column":55}},"2":{"start":{"line":5,"column":0},"end":{"line":5,"column":53}},"3":{"start":{"line":9,"column":21},"end":{"line":17,"column":2}},"4":{"start":{"line":9,"column":70},"end":{"line":17,"column":2}},"5":{"start":{"line":10,"column":16},"end":{"line":10,"column":52}},"6":{"start":{"line":12,"column":1},"end":{"line":16,"column":4}},"7":{"start":{"line":19,"column":16},"end":{"line":27,"column":2}},"8":{"start":{"line":19,"column":65},"end":{"line":27,"column":2}},"9":{"start":{"line":20,"column":16},"end":{"line":20,"column":60}},"10":{"start":{"line":22,"column":1},"end":{"line":26,"column":4}},"11":{"start":{"line":29,"column":21},"end":{"line":38,"column":2}},"12":{"start":{"line":29,"column":70},"end":{"line":38,"column":2}},"13":{"start":{"line":30,"column":15},"end":{"line":30,"column":25}},"14":{"start":{"line":31,"column":16},"end":{"line":31,"column":64}},"15":{"start":{"line":33,"column":1},"end":{"line":37,"column":4}},"16":{"start":{"line":40,"column":13},"end":{"line":45,"column":2}}},"fnMap":{"0":{"name":"(anonymous_8)","decl":{"start":{"line":9,"column":32},"end":{"line":9,"column":39}},"loc":{"start":{"line":9,"column":70},"end":{"line":17,"column":2}}},"1":{"name":"(anonymous_9)","decl":{"start":{"line":9,"column":70},"end":{"line":9,"column":null}},"loc":{"start":{"line":9,"column":70},"end":{"line":17,"column":1}}},"2":{"name":"(anonymous_10)","decl":{"start":{"line":19,"column":27},"end":{"line":19,"column":34}},"loc":{"start":{"line":19,"column":65},"end":{"line":27,"column":2}}},"3":{"name":"(anonymous_11)","decl":{"start":{"line":19,"column":65},"end":{"line":19,"column":null}},"loc":{"start":{"line":19,"column":65},"end":{"line":27,"column":1}}},"4":{"name":"(anonymous_12)","decl":{"start":{"line":29,"column":32},"end":{"line":29,"column":39}},"loc":{"start":{"line":29,"column":70},"end":{"line":38,"column":2}}},"5":{"name":"(anonymous_13)","decl":{"start":{"line":29,"column":70},"end":{"line":29,"column":null}},"loc":{"start":{"line":29,"column":70},"end":{"line":38,"column":1}}}},"branchMap":{},"s":{"0":0,"1":0,"2":0,"3":0,"4":0,"5":0,"6":0,"7":0,"8":0,"9":0,"10":0,"11":0,"12":0,"13":0,"14":0,"15":0,"16":0},"f":{"0":0,"1":0,"2":0,"3":0,"4":0,"5":0},"b":{}}
,"C:\\Users\\infoe\\WebstormProjects\\gadget-galaxy-backend\\src\\app\\modules\\address\\address.route.ts": {"path":"C:\\Users\\infoe\\WebstormProjects\\gadget-galaxy-backend\\src\\app\\modules\\address\\address.route.ts","statementMap":{"0":{"start":{"line":1,"column":0},"end":{"line":1,"column":33}},"1":{"start":{"line":2,"column":0},"end":{"line":2,"column":57}},"2":{"start":{"line":4,"column":15},"end":{"line":4,"column":23}},"3":{"start":{"line":7,"column":0},"end":{"line":10,"column":null}},"4":{"start":{"line":12,"column":13},"end":{"line":12,"column":36}}},"fnMap":{},"branchMap":{},"s":{"0":0,"1":0,"2":0,"3":0,"4":0},"f":{},"b":{}}
,"C:\\Users\\infoe\\WebstormProjects\\gadget-galaxy-backend\\src\\app\\modules\\address\\address.services.ts": {"path":"C:\\Users\\infoe\\WebstormProjects\\gadget-galaxy-backend\\src\\app\\modules\\address\\address.services.ts","statementMap":{"0":{"start":{"line":2,"column":0},"end":{"line":2,"column":40}},"1":{"start":{"line":8,"column":21},"end":{"line":11,"column":2}},"2":{"start":{"line":8,"column":32},"end":{"line":11,"column":2}},"3":{"start":{"line":9,"column":13},"end":{"line":9,"column":44}},"4":{"start":{"line":10,"column":1},"end":{"line":10,"column":12}},"5":{"start":{"line":13,"column":16},"end":{"line":21,"column":2}},"6":{"start":{"line":13,"column":37},"end":{"line":21,"column":2}},"7":{"start":{"line":14,"column":13},"end":{"line":18,"column":3}},"8":{"start":{"line":20,"column":1},"end":{"line":20,"column":12}},"9":{"start":{"line":23,"column":21},"end":{"line":37,"column":2}},"10":{"start":{"line":23,"column":60},"end":{"line":37,"column":2}},"11":{"start":{"line":25,"column":13},"end":{"line":34,"column":3}},"12":{"start":{"line":36,"column":1},"end":{"line":36,"column":12}},"13":{"start":{"line":41,"column":13},"end":{"line":45,"column":2}}},"fnMap":{"0":{"name":"(anonymous_7)","decl":{"start":{"line":8,"column":21},"end":{"line":8,"column":30}},"loc":{"start":{"line":8,"column":32},"end":{"line":11,"column":2}}},"1":{"name":"(anonymous_8)","decl":{"start":{"line":8,"column":32},"end":{"line":8,"column":null}},"loc":{"start":{"line":8,"column":32},"end":{"line":11,"column":1}}},"2":{"name":"(anonymous_9)","decl":{"start":{"line":13,"column":16},"end":{"line":13,"column":23}},"loc":{"start":{"line":13,"column":37},"end":{"line":21,"column":2}}},"3":{"name":"(anonymous_10)","decl":{"start":{"line":13,"column":37},"end":{"line":13,"column":null}},"loc":{"start":{"line":13,"column":37},"end":{"line":21,"column":1}}},"4":{"name":"(anonymous_11)","decl":{"start":{"line":23,"column":21},"end":{"line":23,"column":28}},"loc":{"start":{"line":23,"column":60},"end":{"line":37,"column":2}}},"5":{"name":"(anonymous_12)","decl":{"start":{"line":23,"column":60},"end":{"line":23,"column":null}},"loc":{"start":{"line":23,"column":60},"end":{"line":37,"column":1}}}},"branchMap":{},"s":{"0":0,"1":0,"2":0,"3":0,"4":0,"5":0,"6":0,"7":0,"8":0,"9":0,"10":0,"11":0,"12":0,"13":0},"f":{"0":0,"1":0,"2":0,"3":0,"4":0,"5":0},"b":{}}
,"C:\\Users\\infoe\\WebstormProjects\\gadget-galaxy-backend\\src\\app\\modules\\adminData\\adminData.controller.ts": {"path":"C:\\Users\\infoe\\WebstormProjects\\gadget-galaxy-backend\\src\\app\\modules\\adminData\\adminData.controller.ts","statementMap":{"0":{"start":{"line":2,"column":0},"end":{"line":2,"column":51}},"1":{"start":{"line":3,"column":0},"end":{"line":3,"column":55}},"2":{"start":{"line":4,"column":0},"end":{"line":4,"column":57}},"3":{"start":{"line":6,"column":17},"end":{"line":15,"column":2}},"4":{"start":{"line":6,"column":66},"end":{"line":15,"column":2}},"5":{"start":{"line":8,"column":16},"end":{"line":8,"column":50}},"6":{"start":{"line":10,"column":1},"end":{"line":14,"column":4}},"7":{"start":{"line":18,"column":13},"end":{"line":18,"column":null}}},"fnMap":{"0":{"name":"(anonymous_8)","decl":{"start":{"line":6,"column":28},"end":{"line":6,"column":35}},"loc":{"start":{"line":6,"column":66},"end":{"line":15,"column":2}}},"1":{"name":"(anonymous_9)","decl":{"start":{"line":6,"column":66},"end":{"line":6,"column":null}},"loc":{"start":{"line":6,"column":66},"end":{"line":15,"column":1}}}},"branchMap":{},"s":{"0":0,"1":0,"2":0,"3":0,"4":0,"5":0,"6":0,"7":0},"f":{"0":0,"1":0},"b":{}}
,"C:\\Users\\infoe\\WebstormProjects\\gadget-galaxy-backend\\src\\app\\modules\\adminData\\adminData.route.ts": {"path":"C:\\Users\\infoe\\WebstormProjects\\gadget-galaxy-backend\\src\\app\\modules\\adminData\\adminData.route.ts","statementMap":{"0":{"start":{"line":1,"column":0},"end":{"line":1,"column":33}},"1":{"start":{"line":2,"column":0},"end":{"line":2,"column":61}},"2":{"start":{"line":5,"column":15},"end":{"line":5,"column":23}},"3":{"start":{"line":7,"column":0},"end":{"line":7,"column":null}},"4":{"start":{"line":9,"column":13},"end":{"line":9,"column":38}}},"fnMap":{},"branchMap":{},"s":{"0":0,"1":0,"2":0,"3":0,"4":0},"f":{},"b":{}}
,"C:\\Users\\infoe\\WebstormProjects\\gadget-galaxy-backend\\src\\app\\modules\\adminData\\adminData.services.ts": {"path":"C:\\Users\\infoe\\WebstormProjects\\gadget-galaxy-backend\\src\\app\\modules\\adminData\\adminData.services.ts","statementMap":{"0":{"start":{"line":1,"column":0},"end":{"line":1,"column":39}},"1":{"start":{"line":3,"column":17},"end":{"line":18,"column":null}},"2":{"start":{"line":3,"column":26},"end":{"line":18,"column":null}},"3":{"start":{"line":4,"column":19},"end":{"line":4,"column":45}},"4":{"start":{"line":5,"column":18},"end":{"line":9,"column":6}},"5":{"start":{"line":10,"column":21},"end":{"line":10,"column":49}},"6":{"start":{"line":11,"column":23},"end":{"line":11,"column":44}},"7":{"start":{"line":12,"column":4},"end":{"line":16,"column":null}},"8":{"start":{"line":20,"column":13},"end":{"line":20,"column":null}}},"fnMap":{"0":{"name":"(anonymous_7)","decl":{"start":{"line":3,"column":17},"end":{"line":3,"column":24}},"loc":{"start":{"line":3,"column":26},"end":{"line":18,"column":null}}},"1":{"name":"(anonymous_8)","decl":{"start":{"line":3,"column":26},"end":{"line":3,"column":null}},"loc":{"start":{"line":3,"column":26},"end":{"line":18,"column":1}}}},"branchMap":{},"s":{"0":0,"1":0,"2":0,"3":0,"4":0,"5":0,"6":0,"7":0,"8":0},"f":{"0":0,"1":0},"b":{}}
,"C:\\Users\\infoe\\WebstormProjects\\gadget-galaxy-backend\\src\\app\\modules\\auth\\auth.controller.ts": {"path":"C:\\Users\\infoe\\WebstormProjects\\gadget-galaxy-backend\\src\\app\\modules\\auth\\auth.controller.ts","statementMap":{"0":{"start":{"line":2,"column":0},"end":{"line":2,"column":47}},"1":{"start":{"line":3,"column":0},"end":{"line":3,"column":51}},"2":{"start":{"line":4,"column":0},"end":{"line":4,"column":55}},"3":{"start":{"line":5,"column":0},"end":{"line":5,"column":47}},"4":{"start":{"line":7,"column":17},"end":{"line":15,"column":2}},"5":{"start":{"line":7,"column":66},"end":{"line":15,"column":2}},"6":{"start":{"line":8,"column":16},"end":{"line":8,"column":53}},"7":{"start":{"line":10,"column":1},"end":{"line":14,"column":4}},"8":{"start":{"line":17,"column":14},"end":{"line":25,"column":2}},"9":{"start":{"line":17,"column":63},"end":{"line":25,"column":2}},"10":{"start":{"line":18,"column":16},"end":{"line":18,"column":50}},"11":{"start":{"line":20,"column":1},"end":{"line":24,"column":4}},"12":{"start":{"line":28,"column":23},"end":{"line":36,"column":2}},"13":{"start":{"line":28,"column":72},"end":{"line":36,"column":2}},"14":{"start":{"line":29,"column":16},"end":{"line":29,"column":59}},"15":{"start":{"line":31,"column":1},"end":{"line":35,"column":4}},"16":{"start":{"line":39,"column":23},"end":{"line":54,"column":2}},"17":{"start":{"line":39,"column":72},"end":{"line":54,"column":2}},"18":{"start":{"line":40,"column":1},"end":{"line":42,"column":2}},"19":{"start":{"line":41,"column":2},"end":{"line":41,"column":52}},"20":{"start":{"line":44,"column":16},"end":{"line":47,"column":3}},"21":{"start":{"line":49,"column":1},"end":{"line":53,"column":4}},"22":{"start":{"line":57,"column":22},"end":{"line":70,"column":2}},"23":{"start":{"line":57,"column":71},"end":{"line":70,"column":2}},"24":{"start":{"line":58,"column":23},"end":{"line":58,"column":32}},"25":{"start":{"line":59,"column":16},"end":{"line":63,"column":3}},"26":{"start":{"line":65,"column":1},"end":{"line":69,"column":4}},"27":{"start":{"line":72,"column":13},"end":{"line":78,"column":2}}},"fnMap":{"0":{"name":"(anonymous_8)","decl":{"start":{"line":7,"column":28},"end":{"line":7,"column":35}},"loc":{"start":{"line":7,"column":66},"end":{"line":15,"column":2}}},"1":{"name":"(anonymous_9)","decl":{"start":{"line":7,"column":66},"end":{"line":7,"column":null}},"loc":{"start":{"line":7,"column":66},"end":{"line":15,"column":1}}},"2":{"name":"(anonymous_10)","decl":{"start":{"line":17,"column":25},"end":{"line":17,"column":32}},"loc":{"start":{"line":17,"column":63},"end":{"line":25,"column":2}}},"3":{"name":"(anonymous_11)","decl":{"start":{"line":17,"column":63},"end":{"line":17,"column":null}},"loc":{"start":{"line":17,"column":63},"end":{"line":25,"column":1}}},"4":{"name":"(anonymous_12)","decl":{"start":{"line":28,"column":34},"end":{"line":28,"column":41}},"loc":{"start":{"line":28,"column":72},"end":{"line":36,"column":2}}},"5":{"name":"(anonymous_13)","decl":{"start":{"line":28,"column":72},"end":{"line":28,"column":null}},"loc":{"start":{"line":28,"column":72},"end":{"line":36,"column":1}}},"6":{"name":"(anonymous_14)","decl":{"start":{"line":39,"column":34},"end":{"line":39,"column":41}},"loc":{"start":{"line":39,"column":72},"end":{"line":54,"column":2}}},"7":{"name":"(anonymous_15)","decl":{"start":{"line":39,"column":72},"end":{"line":39,"column":null}},"loc":{"start":{"line":39,"column":72},"end":{"line":54,"column":1}}},"8":{"name":"(anonymous_16)","decl":{"start":{"line":57,"column":33},"end":{"line":57,"column":40}},"loc":{"start":{"line":57,"column":71},"end":{"line":70,"column":2}}},"9":{"name":"(anonymous_17)","decl":{"start":{"line":57,"column":71},"end":{"line":57,"column":null}},"loc":{"start":{"line":57,"column":71},"end":{"line":70,"column":1}}}},"branchMap":{"0":{"loc":{"start":{"line":40,"column":1},"end":{"line":42,"column":2}},"type":"if","locations":[{"start":{"line":40,"column":1},"end":{"line":42,"column":2}}]}},"s":{"0":0,"1":0,"2":0,"3":0,"4":0,"5":0,"6":0,"7":0,"8":0,"9":0,"10":0,"11":0,"12":0,"13":0,"14":0,"15":0,"16":0,"17":0,"18":0,"19":0,"20":0,"21":0,"22":0,"23":0,"24":0,"25":0,"26":0,"27":0},"f":{"0":0,"1":0,"2":0,"3":0,"4":0,"5":0,"6":0,"7":0,"8":0,"9":0},"b":{"0":[0]}}
,"C:\\Users\\infoe\\WebstormProjects\\gadget-galaxy-backend\\src\\app\\modules\\auth\\auth.route.ts": {"path":"C:\\Users\\infoe\\WebstormProjects\\gadget-galaxy-backend\\src\\app\\modules\\auth\\auth.route.ts","statementMap":{"0":{"start":{"line":1,"column":0},"end":{"line":1,"column":33}},"1":{"start":{"line":2,"column":0},"end":{"line":2,"column":51}},"2":{"start":{"line":3,"column":0},"end":{"line":3,"column":38}},"3":{"start":{"line":4,"column":0},"end":{"line":4,"column":51}},"4":{"start":{"line":6,"column":15},"end":{"line":6,"column":23}},"5":{"start":{"line":8,"column":0},"end":{"line":8,"column":50}},"6":{"start":{"line":10,"column":0},"end":{"line":10,"column":44}},"7":{"start":{"line":12,"column":0},"end":{"line":12,"column":63}},"8":{"start":{"line":14,"column":0},"end":{"line":18,"column":2}},"9":{"start":{"line":20,"column":0},"end":{"line":20,"column":61}},"10":{"start":{"line":22,"column":13},"end":{"line":22,"column":33}}},"fnMap":{},"branchMap":{},"s":{"0":0,"1":0,"2":0,"3":0,"4":0,"5":0,"6":0,"7":0,"8":0,"9":0,"10":0},"f":{},"b":{}}
,"C:\\Users\\infoe\\WebstormProjects\\gadget-galaxy-backend\\src\\app\\modules\\auth\\auth.services.ts": {"path":"C:\\Users\\infoe\\WebstormProjects\\gadget-galaxy-backend\\src\\app\\modules\\auth\\auth.services.ts","statementMap":{"0":{"start":{"line":1,"column":0},"end":{"line":1,"column":28}},"1":{"start":{"line":2,"column":0},"end":{"line":2,"column":47}},"2":{"start":{"line":5,"column":0},"end":{"line":5,"column":37}},"3":{"start":{"line":6,"column":0},"end":{"line":6,"column":40}},"4":{"start":{"line":7,"column":0},"end":{"line":7,"column":47}},"5":{"start":{"line":8,"column":0},"end":{"line":8,"column":55}},"6":{"start":{"line":33,"column":17},"end":{"line":59,"column":2}},"7":{"start":{"line":33,"column":41},"end":{"line":59,"column":2}},"8":{"start":{"line":35,"column":22},"end":{"line":37,"column":null}},"9":{"start":{"line":41,"column":14},"end":{"line":56,"column":3}},"10":{"start":{"line":58,"column":1},"end":{"line":58,"column":13}},"11":{"start":{"line":61,"column":14},"end":{"line":88,"column":2}},"12":{"start":{"line":61,"column":47},"end":{"line":88,"column":2}},"13":{"start":{"line":62,"column":14},"end":{"line":66,"column":3}},"14":{"start":{"line":67,"column":21},"end":{"line":67,"column":74}},"15":{"start":{"line":69,"column":1},"end":{"line":71,"column":2}},"16":{"start":{"line":70,"column":2},"end":{"line":70,"column":49}},"17":{"start":{"line":73,"column":15},"end":{"line":78,"column":17}},"18":{"start":{"line":80,"column":19},"end":{"line":82,"column":3}},"19":{"start":{"line":84,"column":1},"end":{"line":87,"column":3}},"20":{"start":{"line":90,"column":23},"end":{"line":126,"column":2}},"21":{"start":{"line":90,"column":75},"end":{"line":126,"column":2}},"22":{"start":{"line":92,"column":1},"end":{"line":94,"column":2}},"23":{"start":{"line":93,"column":2},"end":{"line":93,"column":69}},"24":{"start":{"line":96,"column":21},"end":{"line":101,"column":3}},"25":{"start":{"line":103,"column":23},"end":{"line":105,"column":null}},"26":{"start":{"line":108,"column":1},"end":{"line":110,"column":2}},"27":{"start":{"line":109,"column":2},"end":{"line":109,"column":65}},"28":{"start":{"line":112,"column":20},"end":{"line":114,"column":null}},"29":{"start":{"line":117,"column":1},"end":{"line":125,"column":4}},"30":{"start":{"line":129,"column":23},"end":{"line":156,"column":2}},"31":{"start":{"line":129,"column":65},"end":{"line":156,"column":2}},"32":{"start":{"line":130,"column":14},"end":{"line":134,"column":3}},"33":{"start":{"line":136,"column":1},"end":{"line":138,"column":2}},"34":{"start":{"line":137,"column":2},"end":{"line":137,"column":45}},"35":{"start":{"line":139,"column":15},"end":{"line":144,"column":17}},"36":{"start":{"line":146,"column":19},"end":{"line":148,"column":3}},"37":{"start":{"line":149,"column":21},"end":{"line":149,"column":91}},"38":{"start":{"line":150,"column":1},"end":{"line":155,"column":2}},"39":{"start":{"line":151,"column":14},"end":{"line":151,"column":54}},"40":{"start":{"line":152,"column":2},"end":{"line":152,"column":13}},"41":{"start":{"line":154,"column":2},"end":{"line":154,"column":51}},"42":{"start":{"line":158,"column":22},"end":{"line":190,"column":2}},"43":{"start":{"line":158,"column":77},"end":{"line":190,"column":2}},"44":{"start":{"line":159,"column":1},"end":{"line":161,"column":2}},"45":{"start":{"line":160,"column":2},"end":{"line":160,"column":54}},"46":{"start":{"line":163,"column":1},"end":{"line":165,"column":2}},"47":{"start":{"line":164,"column":2},"end":{"line":164,"column":59}},"48":{"start":{"line":167,"column":21},"end":{"line":169,"column":null}},"49":{"start":{"line":172,"column":1},"end":{"line":174,"column":4}},"50":{"start":{"line":177,"column":22},"end":{"line":179,"column":null}},"51":{"start":{"line":182,"column":1},"end":{"line":189,"column":4}},"52":{"start":{"line":192,"column":13},"end":{"line":198,"column":2}}},"fnMap":{"0":{"name":"(anonymous_8)","decl":{"start":{"line":33,"column":17},"end":{"line":33,"column":24}},"loc":{"start":{"line":33,"column":41},"end":{"line":59,"column":2}}},"1":{"name":"(anonymous_9)","decl":{"start":{"line":33,"column":41},"end":{"line":33,"column":null}},"loc":{"start":{"line":33,"column":41},"end":{"line":59,"column":1}}},"2":{"name":"(anonymous_10)","decl":{"start":{"line":61,"column":14},"end":{"line":61,"column":21}},"loc":{"start":{"line":61,"column":47},"end":{"line":88,"column":2}}},"3":{"name":"(anonymous_11)","decl":{"start":{"line":61,"column":47},"end":{"line":61,"column":null}},"loc":{"start":{"line":61,"column":47},"end":{"line":88,"column":1}}},"4":{"name":"(anonymous_12)","decl":{"start":{"line":90,"column":23},"end":{"line":90,"column":30}},"loc":{"start":{"line":90,"column":75},"end":{"line":126,"column":2}}},"5":{"name":"(anonymous_13)","decl":{"start":{"line":90,"column":75},"end":{"line":90,"column":null}},"loc":{"start":{"line":90,"column":71},"end":{"line":126,"column":1}}},"6":{"name":"(anonymous_14)","decl":{"start":{"line":129,"column":23},"end":{"line":129,"column":30}},"loc":{"start":{"line":129,"column":65},"end":{"line":156,"column":2}}},"7":{"name":"(anonymous_15)","decl":{"start":{"line":129,"column":65},"end":{"line":129,"column":null}},"loc":{"start":{"line":129,"column":65},"end":{"line":156,"column":1}}},"8":{"name":"(anonymous_16)","decl":{"start":{"line":158,"column":22},"end":{"line":158,"column":29}},"loc":{"start":{"line":158,"column":77},"end":{"line":190,"column":2}}},"9":{"name":"(anonymous_17)","decl":{"start":{"line":158,"column":77},"end":{"line":158,"column":null}},"loc":{"start":{"line":158,"column":73},"end":{"line":190,"column":1}}}},"branchMap":{"0":{"loc":{"start":{"line":69,"column":1},"end":{"line":71,"column":2}},"type":"if","locations":[{"start":{"line":69,"column":1},"end":{"line":71,"column":2}}]},"1":{"loc":{"start":{"line":92,"column":1},"end":{"line":94,"column":2}},"type":"if","locations":[{"start":{"line":92,"column":1},"end":{"line":94,"column":2}}]},"2":{"loc":{"start":{"line":108,"column":1},"end":{"line":110,"column":2}},"type":"if","locations":[{"start":{"line":108,"column":1},"end":{"line":110,"column":2}}]},"3":{"loc":{"start":{"line":136,"column":1},"end":{"line":138,"column":2}},"type":"if","locations":[{"start":{"line":136,"column":1},"end":{"line":138,"column":2}}]},"4":{"loc":{"start":{"line":159,"column":1},"end":{"line":161,"column":2}},"type":"if","locations":[{"start":{"line":159,"column":1},"end":{"line":161,"column":2}}]},"5":{"loc":{"start":{"line":159,"column":5},"end":{"line":159,"column":18}},"type":"binary-expr","locations":[{"start":{"line":159,"column":5},"end":{"line":159,"column":8}},{"start":{"line":159,"column":12},"end":{"line":159,"column":18}}]},"6":{"loc":{"start":{"line":163,"column":1},"end":{"line":165,"column":2}},"type":"if","locations":[{"start":{"line":163,"column":1},"end":{"line":165,"column":2}}]},"7":{"loc":{"start":{"line":173,"column":15},"end":{"line":173,"column":30}},"type":"cond-expr","locations":[{"start":{"line":173,"column":26},"end":{"line":173,"column":28}},{"start":{"line":173,"column":15},"end":{"line":173,"column":30}}]},"8":{"loc":{"start":{"line":173,"column":15},"end":{"line":173,"column":28}},"type":"binary-expr","locations":[{"start":{"line":173,"column":15},"end":{"line":173,"column":28}},{"start":{"line":173,"column":15},"end":{"line":173,"column":28}}]}},"s":{"0":0,"1":0,"2":0,"3":0,"4":0,"5":0,"6":0,"7":0,"8":0,"9":0,"10":0,"11":0,"12":0,"13":0,"14":0,"15":0,"16":0,"17":0,"18":0,"19":0,"20":0,"21":0,"22":0,"23":0,"24":0,"25":0,"26":0,"27":0,"28":0,"29":0,"30":0,"31":0,"32":0,"33":0,"34":0,"35":0,"36":0,"37":0,"38":0,"39":0,"40":0,"41":0,"42":0,"43":0,"44":0,"45":0,"46":0,"47":0,"48":0,"49":0,"50":0,"51":0,"52":0},"f":{"0":0,"1":0,"2":0,"3":0,"4":0,"5":0,"6":0,"7":0,"8":0,"9":0},"b":{"0":[0],"1":[0],"2":[0],"3":[0],"4":[0],"5":[0,0],"6":[0],"7":[0,0],"8":[0,0]}}
,"C:\\Users\\infoe\\WebstormProjects\\gadget-galaxy-backend\\src\\app\\modules\\checkout\\checkout.controller.ts": {"path":"C:\\Users\\infoe\\WebstormProjects\\gadget-galaxy-backend\\src\\app\\modules\\checkout\\checkout.controller.ts","statementMap":{"0":{"start":{"line":2,"column":0},"end":{"line":2,"column":50}},"1":{"start":{"line":3,"column":0},"end":{"line":3,"column":54}},"2":{"start":{"line":4,"column":0},"end":{"line":4,"column":55}},"3":{"start":{"line":6,"column":21},"end":{"line":13,"column":2}},"4":{"start":{"line":6,"column":65},"end":{"line":13,"column":2}},"5":{"start":{"line":7,"column":19},"end":{"line":7,"column":64}},"6":{"start":{"line":8,"column":4},"end":{"line":12,"column":4}},"7":{"start":{"line":15,"column":13},"end":{"line":15,"column":null}}},"fnMap":{"0":{"name":"(anonymous_8)","decl":{"start":{"line":6,"column":32},"end":{"line":6,"column":38}},"loc":{"start":{"line":6,"column":65},"end":{"line":13,"column":2}}},"1":{"name":"(anonymous_9)","decl":{"start":{"line":6,"column":65},"end":{"line":6,"column":null}},"loc":{"start":{"line":6,"column":65},"end":{"line":13,"column":1}}}},"branchMap":{},"s":{"0":0,"1":0,"2":0,"3":0,"4":0,"5":0,"6":0,"7":0},"f":{"0":0,"1":0},"b":{}}
,"C:\\Users\\infoe\\WebstormProjects\\gadget-galaxy-backend\\src\\app\\modules\\checkout\\checkout.route.ts": {"path":"C:\\Users\\infoe\\WebstormProjects\\gadget-galaxy-backend\\src\\app\\modules\\checkout\\checkout.route.ts","statementMap":{"0":{"start":{"line":1,"column":0},"end":{"line":1,"column":33}},"1":{"start":{"line":2,"column":0},"end":{"line":2,"column":59}},"2":{"start":{"line":4,"column":15},"end":{"line":4,"column":23}},"3":{"start":{"line":5,"column":0},"end":{"line":5,"column":null}},"4":{"start":{"line":7,"column":13},"end":{"line":7,"column":null}}},"fnMap":{},"branchMap":{},"s":{"0":0,"1":0,"2":0,"3":0,"4":0},"f":{},"b":{}}
,"C:\\Users\\infoe\\WebstormProjects\\gadget-galaxy-backend\\src\\app\\modules\\checkout\\checkout.services.ts": {"path":"C:\\Users\\infoe\\WebstormProjects\\gadget-galaxy-backend\\src\\app\\modules\\checkout\\checkout.services.ts","statementMap":{"0":{"start":{"line":1,"column":0},"end":{"line":1,"column":28}},"1":{"start":{"line":2,"column":0},"end":{"line":2,"column":37}},"2":{"start":{"line":8,"column":21},"end":{"line":37,"column":2}},"3":{"start":{"line":8,"column":57},"end":{"line":37,"column":2}},"4":{"start":{"line":9,"column":4},"end":{"line":36,"column":5}},"5":{"start":{"line":11,"column":26},"end":{"line":22,"column":3}},"6":{"start":{"line":12,"column":2},"end":{"line":21,"column":4}},"7":{"start":{"line":23,"column":23},"end":{"line":23,"column":66}},"8":{"start":{"line":25,"column":24},"end":{"line":30,"column":10}},"9":{"start":{"line":31,"column":8},"end":{"line":33,"column":null}},"10":{"start":{"line":35,"column":8},"end":{"line":35,"column":null}},"11":{"start":{"line":39,"column":13},"end":{"line":39,"column":null}}},"fnMap":{"0":{"name":"(anonymous_8)","decl":{"start":{"line":8,"column":21},"end":{"line":8,"column":27}},"loc":{"start":{"line":8,"column":57},"end":{"line":37,"column":2}}},"1":{"name":"(anonymous_9)","decl":{"start":{"line":8,"column":57},"end":{"line":8,"column":null}},"loc":{"start":{"line":8,"column":57},"end":{"line":37,"column":1}}},"2":{"name":"(anonymous_10)","decl":{"start":{"line":11,"column":38},"end":{"line":11,"column":39}},"loc":{"start":{"line":11,"column":61},"end":{"line":22,"column":2}}}},"branchMap":{},"s":{"0":0,"1":0,"2":0,"3":0,"4":0,"5":0,"6":0,"7":0,"8":0,"9":0,"10":0,"11":0},"f":{"0":0,"1":0,"2":0},"b":{}}
,"C:\\Users\\infoe\\WebstormProjects\\gadget-galaxy-backend\\src\\app\\modules\\featuredProduct\\fp.controller.ts": {"path":"C:\\Users\\infoe\\WebstormProjects\\gadget-galaxy-backend\\src\\app\\modules\\featuredProduct\\fp.controller.ts","statementMap":{"0":{"start":{"line":3,"column":0},"end":{"line":3,"column":51}},"1":{"start":{"line":4,"column":0},"end":{"line":4,"column":55}},"2":{"start":{"line":5,"column":0},"end":{"line":5,"column":43}},"3":{"start":{"line":7,"column":21},"end":{"line":17,"column":2}},"4":{"start":{"line":7,"column":70},"end":{"line":17,"column":2}},"5":{"start":{"line":8,"column":14},"end":{"line":8,"column":22}},"6":{"start":{"line":10,"column":16},"end":{"line":10,"column":51}},"7":{"start":{"line":12,"column":1},"end":{"line":16,"column":4}},"8":{"start":{"line":19,"column":21},"end":{"line":27,"column":2}},"9":{"start":{"line":19,"column":70},"end":{"line":27,"column":2}},"10":{"start":{"line":20,"column":16},"end":{"line":20,"column":47}},"11":{"start":{"line":22,"column":1},"end":{"line":26,"column":4}},"12":{"start":{"line":29,"column":16},"end":{"line":37,"column":2}},"13":{"start":{"line":29,"column":65},"end":{"line":37,"column":2}},"14":{"start":{"line":30,"column":16},"end":{"line":30,"column":55}},"15":{"start":{"line":32,"column":1},"end":{"line":36,"column":4}},"16":{"start":{"line":39,"column":21},"end":{"line":48,"column":2}},"17":{"start":{"line":39,"column":70},"end":{"line":48,"column":2}},"18":{"start":{"line":40,"column":16},"end":{"line":40,"column":26}},"19":{"start":{"line":41,"column":16},"end":{"line":41,"column":59}},"20":{"start":{"line":43,"column":1},"end":{"line":47,"column":4}},"21":{"start":{"line":50,"column":21},"end":{"line":59,"column":2}},"22":{"start":{"line":50,"column":70},"end":{"line":59,"column":2}},"23":{"start":{"line":51,"column":16},"end":{"line":51,"column":26}},"24":{"start":{"line":52,"column":16},"end":{"line":52,"column":49}},"25":{"start":{"line":54,"column":1},"end":{"line":58,"column":4}},"26":{"start":{"line":60,"column":13},"end":{"line":66,"column":2}}},"fnMap":{"0":{"name":"(anonymous_8)","decl":{"start":{"line":7,"column":32},"end":{"line":7,"column":39}},"loc":{"start":{"line":7,"column":70},"end":{"line":17,"column":2}}},"1":{"name":"(anonymous_9)","decl":{"start":{"line":7,"column":70},"end":{"line":7,"column":null}},"loc":{"start":{"line":7,"column":70},"end":{"line":17,"column":1}}},"2":{"name":"(anonymous_10)","decl":{"start":{"line":19,"column":32},"end":{"line":19,"column":39}},"loc":{"start":{"line":19,"column":70},"end":{"line":27,"column":2}}},"3":{"name":"(anonymous_11)","decl":{"start":{"line":19,"column":70},"end":{"line":19,"column":null}},"loc":{"start":{"line":19,"column":70},"end":{"line":27,"column":1}}},"4":{"name":"(anonymous_12)","decl":{"start":{"line":29,"column":27},"end":{"line":29,"column":34}},"loc":{"start":{"line":29,"column":65},"end":{"line":37,"column":2}}},"5":{"name":"(anonymous_13)","decl":{"start":{"line":29,"column":65},"end":{"line":29,"column":null}},"loc":{"start":{"line":29,"column":65},"end":{"line":37,"column":1}}},"6":{"name":"(anonymous_14)","decl":{"start":{"line":39,"column":32},"end":{"line":39,"column":39}},"loc":{"start":{"line":39,"column":70},"end":{"line":48,"column":2}}},"7":{"name":"(anonymous_15)","decl":{"start":{"line":39,"column":70},"end":{"line":39,"column":null}},"loc":{"start":{"line":39,"column":70},"end":{"line":48,"column":1}}},"8":{"name":"(anonymous_16)","decl":{"start":{"line":50,"column":32},"end":{"line":50,"column":39}},"loc":{"start":{"line":50,"column":70},"end":{"line":59,"column":2}}},"9":{"name":"(anonymous_17)","decl":{"start":{"line":50,"column":70},"end":{"line":50,"column":null}},"loc":{"start":{"line":50,"column":70},"end":{"line":59,"column":1}}}},"branchMap":{},"s":{"0":0,"1":0,"2":0,"3":0,"4":0,"5":0,"6":0,"7":0,"8":0,"9":0,"10":0,"11":0,"12":0,"13":0,"14":0,"15":0,"16":0,"17":0,"18":0,"19":0,"20":0,"21":0,"22":0,"23":0,"24":0,"25":0,"26":0},"f":{"0":0,"1":0,"2":0,"3":0,"4":0,"5":0,"6":0,"7":0,"8":0,"9":0},"b":{}}
,"C:\\Users\\infoe\\WebstormProjects\\gadget-galaxy-backend\\src\\app\\modules\\featuredProduct\\fp.route.ts": {"path":"C:\\Users\\infoe\\WebstormProjects\\gadget-galaxy-backend\\src\\app\\modules\\featuredProduct\\fp.route.ts","statementMap":{"0":{"start":{"line":1,"column":0},"end":{"line":1,"column":33}},"1":{"start":{"line":4,"column":0},"end":{"line":4,"column":47}},"2":{"start":{"line":6,"column":15},"end":{"line":6,"column":23}},"3":{"start":{"line":7,"column":0},"end":{"line":13,"column":33}},"4":{"start":{"line":15,"column":0},"end":{"line":19,"column":36}},"5":{"start":{"line":21,"column":13},"end":{"line":21,"column":44}}},"fnMap":{},"branchMap":{},"s":{"0":0,"1":0,"2":0,"3":0,"4":0,"5":0},"f":{},"b":{}}
,"C:\\Users\\infoe\\WebstormProjects\\gadget-galaxy-backend\\src\\app\\modules\\featuredProduct\\fp.services.ts": {"path":"C:\\Users\\infoe\\WebstormProjects\\gadget-galaxy-backend\\src\\app\\modules\\featuredProduct\\fp.services.ts","statementMap":{"0":{"start":{"line":2,"column":0},"end":{"line":2,"column":40}},"1":{"start":{"line":3,"column":0},"end":{"line":3,"column":47}},"2":{"start":{"line":5,"column":21},"end":{"line":27,"column":2}},"3":{"start":{"line":5,"column":56},"end":{"line":27,"column":2}},"4":{"start":{"line":7,"column":16},"end":{"line":24,"column":3}},"5":{"start":{"line":7,"column":53},"end":{"line":24,"column":3}},"6":{"start":{"line":10,"column":18},"end":{"line":14,"column":4}},"7":{"start":{"line":15,"column":2},"end":{"line":17,"column":3}},"8":{"start":{"line":16,"column":3},"end":{"line":16,"column":null}},"9":{"start":{"line":20,"column":15},"end":{"line":22,"column":4}},"10":{"start":{"line":23,"column":2},"end":{"line":23,"column":14}},"11":{"start":{"line":26,"column":1},"end":{"line":26,"column":15}},"12":{"start":{"line":29,"column":21},"end":{"line":38,"column":2}},"13":{"start":{"line":29,"column":32},"end":{"line":38,"column":2}},"14":{"start":{"line":30,"column":13},"end":{"line":36,"column":4}},"15":{"start":{"line":37,"column":1},"end":{"line":37,"column":12}},"16":{"start":{"line":40,"column":16},"end":{"line":48,"column":2}},"17":{"start":{"line":40,"column":37},"end":{"line":48,"column":2}},"18":{"start":{"line":41,"column":13},"end":{"line":45,"column":3}},"19":{"start":{"line":47,"column":1},"end":{"line":47,"column":12}},"20":{"start":{"line":50,"column":21},"end":{"line":59,"column":2}},"21":{"start":{"line":50,"column":68},"end":{"line":59,"column":2}},"22":{"start":{"line":51,"column":13},"end":{"line":56,"column":3}},"23":{"start":{"line":58,"column":1},"end":{"line":58,"column":12}},"24":{"start":{"line":61,"column":21},"end":{"line":69,"column":2}},"25":{"start":{"line":61,"column":42},"end":{"line":69,"column":2}},"26":{"start":{"line":62,"column":13},"end":{"line":66,"column":3}},"27":{"start":{"line":68,"column":1},"end":{"line":68,"column":12}},"28":{"start":{"line":71,"column":13},"end":{"line":77,"column":2}}},"fnMap":{"0":{"name":"(anonymous_8)","decl":{"start":{"line":5,"column":21},"end":{"line":5,"column":28}},"loc":{"start":{"line":5,"column":56},"end":{"line":27,"column":2}}},"1":{"name":"(anonymous_9)","decl":{"start":{"line":5,"column":56},"end":{"line":5,"column":null}},"loc":{"start":{"line":5,"column":56},"end":{"line":27,"column":1}}},"2":{"name":"(anonymous_10)","decl":{"start":{"line":7,"column":42},"end":{"line":7,"column":48}},"loc":{"start":{"line":7,"column":53},"end":{"line":24,"column":3}}},"3":{"name":"(anonymous_11)","decl":{"start":{"line":7,"column":53},"end":{"line":7,"column":null}},"loc":{"start":{"line":7,"column":53},"end":{"line":24,"column":2}}},"4":{"name":"(anonymous_12)","decl":{"start":{"line":29,"column":21},"end":{"line":29,"column":30}},"loc":{"start":{"line":29,"column":32},"end":{"line":38,"column":2}}},"5":{"name":"(anonymous_13)","decl":{"start":{"line":29,"column":32},"end":{"line":29,"column":null}},"loc":{"start":{"line":29,"column":32},"end":{"line":38,"column":1}}},"6":{"name":"(anonymous_14)","decl":{"start":{"line":40,"column":16},"end":{"line":40,"column":23}},"loc":{"start":{"line":40,"column":37},"end":{"line":48,"column":2}}},"7":{"name":"(anonymous_15)","decl":{"start":{"line":40,"column":37},"end":{"line":40,"column":null}},"loc":{"start":{"line":40,"column":37},"end":{"line":48,"column":1}}},"8":{"name":"(anonymous_16)","decl":{"start":{"line":50,"column":21},"end":{"line":50,"column":28}},"loc":{"start":{"line":50,"column":68},"end":{"line":59,"column":2}}},"9":{"name":"(anonymous_17)","decl":{"start":{"line":50,"column":68},"end":{"line":50,"column":null}},"loc":{"start":{"line":50,"column":68},"end":{"line":59,"column":1}}},"10":{"name":"(anonymous_18)","decl":{"start":{"line":61,"column":21},"end":{"line":61,"column":28}},"loc":{"start":{"line":61,"column":42},"end":{"line":69,"column":2}}},"11":{"name":"(anonymous_19)","decl":{"start":{"line":61,"column":42},"end":{"line":61,"column":null}},"loc":{"start":{"line":61,"column":42},"end":{"line":69,"column":1}}}},"branchMap":{"0":{"loc":{"start":{"line":15,"column":2},"end":{"line":17,"column":3}},"type":"if","locations":[{"start":{"line":15,"column":2},"end":{"line":17,"column":3}}]}},"s":{"0":0,"1":0,"2":0,"3":0,"4":0,"5":0,"6":0,"7":0,"8":0,"9":0,"10":0,"11":0,"12":0,"13":0,"14":0,"15":0,"16":0,"17":0,"18":0,"19":0,"20":0,"21":0,"22":0,"23":0,"24":0,"25":0,"26":0,"27":0,"28":0},"f":{"0":0,"1":0,"2":0,"3":0,"4":0,"5":0,"6":0,"7":0,"8":0,"9":0,"10":0,"11":0},"b":{"0":[0]}}
,"C:\\Users\\infoe\\WebstormProjects\\gadget-galaxy-backend\\src\\app\\modules\\offeredProduct\\op.controller.ts": {"path":"C:\\Users\\infoe\\WebstormProjects\\gadget-galaxy-backend\\src\\app\\modules\\offeredProduct\\op.controller.ts","statementMap":{"0":{"start":{"line":3,"column":0},"end":{"line":3,"column":51}},"1":{"start":{"line":4,"column":0},"end":{"line":4,"column":55}},"2":{"start":{"line":5,"column":0},"end":{"line":5,"column":43}},"3":{"start":{"line":7,"column":21},"end":{"line":17,"column":2}},"4":{"start":{"line":7,"column":70},"end":{"line":17,"column":2}},"5":{"start":{"line":9,"column":14},"end":{"line":9,"column":22}},"6":{"start":{"line":10,"column":16},"end":{"line":10,"column":51}},"7":{"start":{"line":12,"column":1},"end":{"line":16,"column":4}},"8":{"start":{"line":19,"column":21},"end":{"line":27,"column":2}},"9":{"start":{"line":19,"column":70},"end":{"line":27,"column":2}},"10":{"start":{"line":20,"column":16},"end":{"line":20,"column":47}},"11":{"start":{"line":22,"column":1},"end":{"line":26,"column":4}},"12":{"start":{"line":29,"column":16},"end":{"line":37,"column":2}},"13":{"start":{"line":29,"column":65},"end":{"line":37,"column":2}},"14":{"start":{"line":30,"column":16},"end":{"line":30,"column":55}},"15":{"start":{"line":32,"column":1},"end":{"line":36,"column":4}},"16":{"start":{"line":39,"column":21},"end":{"line":48,"column":2}},"17":{"start":{"line":39,"column":70},"end":{"line":48,"column":2}},"18":{"start":{"line":40,"column":16},"end":{"line":40,"column":26}},"19":{"start":{"line":41,"column":16},"end":{"line":41,"column":59}},"20":{"start":{"line":43,"column":1},"end":{"line":47,"column":4}},"21":{"start":{"line":50,"column":21},"end":{"line":59,"column":2}},"22":{"start":{"line":50,"column":70},"end":{"line":59,"column":2}},"23":{"start":{"line":51,"column":16},"end":{"line":51,"column":26}},"24":{"start":{"line":52,"column":16},"end":{"line":52,"column":49}},"25":{"start":{"line":54,"column":1},"end":{"line":58,"column":4}},"26":{"start":{"line":60,"column":13},"end":{"line":66,"column":2}}},"fnMap":{"0":{"name":"(anonymous_8)","decl":{"start":{"line":7,"column":32},"end":{"line":7,"column":39}},"loc":{"start":{"line":7,"column":70},"end":{"line":17,"column":2}}},"1":{"name":"(anonymous_9)","decl":{"start":{"line":7,"column":70},"end":{"line":7,"column":null}},"loc":{"start":{"line":7,"column":70},"end":{"line":17,"column":1}}},"2":{"name":"(anonymous_10)","decl":{"start":{"line":19,"column":32},"end":{"line":19,"column":39}},"loc":{"start":{"line":19,"column":70},"end":{"line":27,"column":2}}},"3":{"name":"(anonymous_11)","decl":{"start":{"line":19,"column":70},"end":{"line":19,"column":null}},"loc":{"start":{"line":19,"column":70},"end":{"line":27,"column":1}}},"4":{"name":"(anonymous_12)","decl":{"start":{"line":29,"column":27},"end":{"line":29,"column":34}},"loc":{"start":{"line":29,"column":65},"end":{"line":37,"column":2}}},"5":{"name":"(anonymous_13)","decl":{"start":{"line":29,"column":65},"end":{"line":29,"column":null}},"loc":{"start":{"line":29,"column":65},"end":{"line":37,"column":1}}},"6":{"name":"(anonymous_14)","decl":{"start":{"line":39,"column":32},"end":{"line":39,"column":39}},"loc":{"start":{"line":39,"column":70},"end":{"line":48,"column":2}}},"7":{"name":"(anonymous_15)","decl":{"start":{"line":39,"column":70},"end":{"line":39,"column":null}},"loc":{"start":{"line":39,"column":70},"end":{"line":48,"column":1}}},"8":{"name":"(anonymous_16)","decl":{"start":{"line":50,"column":32},"end":{"line":50,"column":39}},"loc":{"start":{"line":50,"column":70},"end":{"line":59,"column":2}}},"9":{"name":"(anonymous_17)","decl":{"start":{"line":50,"column":70},"end":{"line":50,"column":null}},"loc":{"start":{"line":50,"column":70},"end":{"line":59,"column":1}}}},"branchMap":{},"s":{"0":0,"1":0,"2":0,"3":0,"4":0,"5":0,"6":0,"7":0,"8":0,"9":0,"10":0,"11":0,"12":0,"13":0,"14":0,"15":0,"16":0,"17":0,"18":0,"19":0,"20":0,"21":0,"22":0,"23":0,"24":0,"25":0,"26":0},"f":{"0":0,"1":0,"2":0,"3":0,"4":0,"5":0,"6":0,"7":0,"8":0,"9":0},"b":{}}
,"C:\\Users\\infoe\\WebstormProjects\\gadget-galaxy-backend\\src\\app\\modules\\offeredProduct\\op.route.ts": {"path":"C:\\Users\\infoe\\WebstormProjects\\gadget-galaxy-backend\\src\\app\\modules\\offeredProduct\\op.route.ts","statementMap":{"0":{"start":{"line":1,"column":0},"end":{"line":1,"column":33}},"1":{"start":{"line":4,"column":0},"end":{"line":4,"column":47}},"2":{"start":{"line":6,"column":15},"end":{"line":6,"column":23}},"3":{"start":{"line":7,"column":0},"end":{"line":13,"column":33}},"4":{"start":{"line":15,"column":0},"end":{"line":19,"column":36}},"5":{"start":{"line":21,"column":13},"end":{"line":21,"column":38}}},"fnMap":{},"branchMap":{},"s":{"0":0,"1":0,"2":0,"3":0,"4":0,"5":0},"f":{},"b":{}}
,"C:\\Users\\infoe\\WebstormProjects\\gadget-galaxy-backend\\src\\app\\modules\\offeredProduct\\op.services.ts": {"path":"C:\\Users\\infoe\\WebstormProjects\\gadget-galaxy-backend\\src\\app\\modules\\offeredProduct\\op.services.ts","statementMap":{"0":{"start":{"line":2,"column":0},"end":{"line":2,"column":40}},"1":{"start":{"line":3,"column":0},"end":{"line":3,"column":47}},"2":{"start":{"line":5,"column":21},"end":{"line":39,"column":2}},"3":{"start":{"line":5,"column":50},"end":{"line":39,"column":2}},"4":{"start":{"line":8,"column":13},"end":{"line":36,"column":3}},"5":{"start":{"line":8,"column":50},"end":{"line":36,"column":3}},"6":{"start":{"line":11,"column":18},"end":{"line":13,"column":4}},"7":{"start":{"line":15,"column":24},"end":{"line":15,"column":64}},"8":{"start":{"line":16,"column":21},"end":{"line":16,"column":61}},"9":{"start":{"line":18,"column":22},"end":{"line":22,"column":4}},"10":{"start":{"line":24,"column":2},"end":{"line":35,"column":3}},"11":{"start":{"line":26,"column":24},"end":{"line":31,"column":5}},"12":{"start":{"line":32,"column":3},"end":{"line":32,"column":23}},"13":{"start":{"line":34,"column":3},"end":{"line":34,"column":null}},"14":{"start":{"line":38,"column":1},"end":{"line":38,"column":12}},"15":{"start":{"line":41,"column":21},"end":{"line":50,"column":2}},"16":{"start":{"line":41,"column":32},"end":{"line":50,"column":2}},"17":{"start":{"line":42,"column":13},"end":{"line":48,"column":4}},"18":{"start":{"line":49,"column":1},"end":{"line":49,"column":12}},"19":{"start":{"line":52,"column":16},"end":{"line":68,"column":2}},"20":{"start":{"line":52,"column":37},"end":{"line":68,"column":2}},"21":{"start":{"line":53,"column":13},"end":{"line":65,"column":3}},"22":{"start":{"line":67,"column":1},"end":{"line":67,"column":12}},"23":{"start":{"line":70,"column":21},"end":{"line":79,"column":2}},"24":{"start":{"line":70,"column":62},"end":{"line":79,"column":2}},"25":{"start":{"line":71,"column":13},"end":{"line":76,"column":3}},"26":{"start":{"line":78,"column":1},"end":{"line":78,"column":12}},"27":{"start":{"line":81,"column":21},"end":{"line":89,"column":2}},"28":{"start":{"line":81,"column":42},"end":{"line":89,"column":2}},"29":{"start":{"line":82,"column":13},"end":{"line":86,"column":3}},"30":{"start":{"line":88,"column":1},"end":{"line":88,"column":12}},"31":{"start":{"line":91,"column":13},"end":{"line":97,"column":2}}},"fnMap":{"0":{"name":"(anonymous_8)","decl":{"start":{"line":5,"column":21},"end":{"line":5,"column":28}},"loc":{"start":{"line":5,"column":50},"end":{"line":39,"column":2}}},"1":{"name":"(anonymous_9)","decl":{"start":{"line":5,"column":50},"end":{"line":5,"column":null}},"loc":{"start":{"line":5,"column":50},"end":{"line":39,"column":1}}},"2":{"name":"(anonymous_10)","decl":{"start":{"line":8,"column":39},"end":{"line":8,"column":45}},"loc":{"start":{"line":8,"column":50},"end":{"line":36,"column":3}}},"3":{"name":"(anonymous_11)","decl":{"start":{"line":8,"column":50},"end":{"line":8,"column":null}},"loc":{"start":{"line":8,"column":50},"end":{"line":36,"column":2}}},"4":{"name":"(anonymous_12)","decl":{"start":{"line":41,"column":21},"end":{"line":41,"column":30}},"loc":{"start":{"line":41,"column":32},"end":{"line":50,"column":2}}},"5":{"name":"(anonymous_13)","decl":{"start":{"line":41,"column":32},"end":{"line":41,"column":null}},"loc":{"start":{"line":41,"column":32},"end":{"line":50,"column":1}}},"6":{"name":"(anonymous_14)","decl":{"start":{"line":52,"column":16},"end":{"line":52,"column":23}},"loc":{"start":{"line":52,"column":37},"end":{"line":68,"column":2}}},"7":{"name":"(anonymous_15)","decl":{"start":{"line":52,"column":37},"end":{"line":52,"column":null}},"loc":{"start":{"line":52,"column":37},"end":{"line":68,"column":1}}},"8":{"name":"(anonymous_16)","decl":{"start":{"line":70,"column":21},"end":{"line":70,"column":28}},"loc":{"start":{"line":70,"column":62},"end":{"line":79,"column":2}}},"9":{"name":"(anonymous_17)","decl":{"start":{"line":70,"column":62},"end":{"line":70,"column":null}},"loc":{"start":{"line":70,"column":62},"end":{"line":79,"column":1}}},"10":{"name":"(anonymous_18)","decl":{"start":{"line":81,"column":21},"end":{"line":81,"column":28}},"loc":{"start":{"line":81,"column":42},"end":{"line":89,"column":2}}},"11":{"name":"(anonymous_19)","decl":{"start":{"line":81,"column":42},"end":{"line":81,"column":null}},"loc":{"start":{"line":81,"column":42},"end":{"line":89,"column":1}}}},"branchMap":{"0":{"loc":{"start":{"line":24,"column":2},"end":{"line":35,"column":3}},"type":"if","locations":[{"start":{"line":24,"column":2},"end":{"line":35,"column":3}},{"start":{"line":33,"column":7},"end":{"line":35,"column":3}}]}},"s":{"0":0,"1":0,"2":0,"3":0,"4":0,"5":0,"6":0,"7":0,"8":0,"9":0,"10":0,"11":0,"12":0,"13":0,"14":0,"15":0,"16":0,"17":0,"18":0,"19":0,"20":0,"21":0,"22":0,"23":0,"24":0,"25":0,"26":0,"27":0,"28":0,"29":0,"30":0,"31":0},"f":{"0":0,"1":0,"2":0,"3":0,"4":0,"5":0,"6":0,"7":0,"8":0,"9":0,"10":0,"11":0},"b":{"0":[0,0]}}
,"C:\\Users\\infoe\\WebstormProjects\\gadget-galaxy-backend\\src\\app\\modules\\order\\order.controller.ts": {"path":"C:\\Users\\infoe\\WebstormProjects\\gadget-galaxy-backend\\src\\app\\modules\\order\\order.controller.ts","statementMap":{"0":{"start":{"line":3,"column":0},"end":{"line":3,"column":51}},"1":{"start":{"line":4,"column":0},"end":{"line":4,"column":55}},"2":{"start":{"line":5,"column":0},"end":{"line":5,"column":49}},"3":{"start":{"line":7,"column":21},"end":{"line":16,"column":2}},"4":{"start":{"line":7,"column":70},"end":{"line":16,"column":2}},"5":{"start":{"line":8,"column":14},"end":{"line":8,"column":22}},"6":{"start":{"line":9,"column":16},"end":{"line":9,"column":54}},"7":{"start":{"line":11,"column":1},"end":{"line":15,"column":4}},"8":{"start":{"line":18,"column":21},"end":{"line":26,"column":2}},"9":{"start":{"line":18,"column":70},"end":{"line":26,"column":2}},"10":{"start":{"line":19,"column":16},"end":{"line":19,"column":50}},"11":{"start":{"line":21,"column":1},"end":{"line":25,"column":4}},"12":{"start":{"line":28,"column":16},"end":{"line":36,"column":2}},"13":{"start":{"line":28,"column":65},"end":{"line":36,"column":2}},"14":{"start":{"line":29,"column":16},"end":{"line":29,"column":58}},"15":{"start":{"line":31,"column":1},"end":{"line":35,"column":4}},"16":{"start":{"line":38,"column":21},"end":{"line":47,"column":2}},"17":{"start":{"line":38,"column":70},"end":{"line":47,"column":2}},"18":{"start":{"line":39,"column":16},"end":{"line":39,"column":26}},"19":{"start":{"line":40,"column":16},"end":{"line":40,"column":62}},"20":{"start":{"line":42,"column":1},"end":{"line":46,"column":4}},"21":{"start":{"line":49,"column":21},"end":{"line":58,"column":2}},"22":{"start":{"line":49,"column":70},"end":{"line":58,"column":2}},"23":{"start":{"line":50,"column":16},"end":{"line":50,"column":26}},"24":{"start":{"line":51,"column":16},"end":{"line":51,"column":52}},"25":{"start":{"line":53,"column":1},"end":{"line":57,"column":4}},"26":{"start":{"line":62,"column":23},"end":{"line":71,"column":2}},"27":{"start":{"line":62,"column":72},"end":{"line":71,"column":2}},"28":{"start":{"line":64,"column":16},"end":{"line":64,"column":52}},"29":{"start":{"line":66,"column":1},"end":{"line":70,"column":4}},"30":{"start":{"line":72,"column":13},"end":{"line":80,"column":2}}},"fnMap":{"0":{"name":"(anonymous_8)","decl":{"start":{"line":7,"column":32},"end":{"line":7,"column":39}},"loc":{"start":{"line":7,"column":70},"end":{"line":16,"column":2}}},"1":{"name":"(anonymous_9)","decl":{"start":{"line":7,"column":70},"end":{"line":7,"column":null}},"loc":{"start":{"line":7,"column":70},"end":{"line":16,"column":1}}},"2":{"name":"(anonymous_10)","decl":{"start":{"line":18,"column":32},"end":{"line":18,"column":39}},"loc":{"start":{"line":18,"column":70},"end":{"line":26,"column":2}}},"3":{"name":"(anonymous_11)","decl":{"start":{"line":18,"column":70},"end":{"line":18,"column":null}},"loc":{"start":{"line":18,"column":70},"end":{"line":26,"column":1}}},"4":{"name":"(anonymous_12)","decl":{"start":{"line":28,"column":27},"end":{"line":28,"column":34}},"loc":{"start":{"line":28,"column":65},"end":{"line":36,"column":2}}},"5":{"name":"(anonymous_13)","decl":{"start":{"line":28,"column":65},"end":{"line":28,"column":null}},"loc":{"start":{"line":28,"column":65},"end":{"line":36,"column":1}}},"6":{"name":"(anonymous_14)","decl":{"start":{"line":38,"column":32},"end":{"line":38,"column":39}},"loc":{"start":{"line":38,"column":70},"end":{"line":47,"column":2}}},"7":{"name":"(anonymous_15)","decl":{"start":{"line":38,"column":70},"end":{"line":38,"column":null}},"loc":{"start":{"line":38,"column":70},"end":{"line":47,"column":1}}},"8":{"name":"(anonymous_16)","decl":{"start":{"line":49,"column":32},"end":{"line":49,"column":39}},"loc":{"start":{"line":49,"column":70},"end":{"line":58,"column":2}}},"9":{"name":"(anonymous_17)","decl":{"start":{"line":49,"column":70},"end":{"line":49,"column":null}},"loc":{"start":{"line":49,"column":70},"end":{"line":58,"column":1}}},"10":{"name":"(anonymous_18)","decl":{"start":{"line":62,"column":34},"end":{"line":62,"column":41}},"loc":{"start":{"line":62,"column":72},"end":{"line":71,"column":2}}},"11":{"name":"(anonymous_19)","decl":{"start":{"line":62,"column":72},"end":{"line":62,"column":null}},"loc":{"start":{"line":62,"column":72},"end":{"line":71,"column":1}}}},"branchMap":{},"s":{"0":0,"1":0,"2":0,"3":0,"4":0,"5":0,"6":0,"7":0,"8":0,"9":0,"10":0,"11":0,"12":0,"13":0,"14":0,"15":0,"16":0,"17":0,"18":0,"19":0,"20":0,"21":0,"22":0,"23":0,"24":0,"25":0,"26":0,"27":0,"28":0,"29":0,"30":0},"f":{"0":0,"1":0,"2":0,"3":0,"4":0,"5":0,"6":0,"7":0,"8":0,"9":0,"10":0,"11":0},"b":{}}
,"C:\\Users\\infoe\\WebstormProjects\\gadget-galaxy-backend\\src\\app\\modules\\order\\order.route.ts": {"path":"C:\\Users\\infoe\\WebstormProjects\\gadget-galaxy-backend\\src\\app\\modules\\order\\order.route.ts","statementMap":{"0":{"start":{"line":1,"column":0},"end":{"line":1,"column":33}},"1":{"start":{"line":2,"column":0},"end":{"line":2,"column":53}},"2":{"start":{"line":5,"column":15},"end":{"line":5,"column":23}},"3":{"start":{"line":7,"column":0},"end":{"line":10,"column":36}},"4":{"start":{"line":14,"column":0},"end":{"line":14,"column":null}},"5":{"start":{"line":17,"column":0},"end":{"line":21,"column":39}},"6":{"start":{"line":25,"column":13},"end":{"line":25,"column":34}}},"fnMap":{},"branchMap":{},"s":{"0":0,"1":0,"2":0,"3":0,"4":0,"5":0,"6":0},"f":{},"b":{}}
,"C:\\Users\\infoe\\WebstormProjects\\gadget-galaxy-backend\\src\\app\\modules\\order\\order.services.ts": {"path":"C:\\Users\\infoe\\WebstormProjects\\gadget-galaxy-backend\\src\\app\\modules\\order\\order.services.ts","statementMap":{"0":{"start":{"line":2,"column":0},"end":{"line":2,"column":40}},"1":{"start":{"line":3,"column":0},"end":{"line":3,"column":47}},"2":{"start":{"line":9,"column":21},"end":{"line":63,"column":2}},"3":{"start":{"line":9,"column":49},"end":{"line":63,"column":2}},"4":{"start":{"line":11,"column":26},"end":{"line":11,"column":33}},"5":{"start":{"line":11,"column":22},"end":{"line":11,"column":26}},"6":{"start":{"line":13,"column":1},"end":{"line":62,"column":2}},"7":{"start":{"line":15,"column":17},"end":{"line":57,"column":null}},"8":{"start":{"line":16,"column":16},"end":{"line":57,"column":null}},"9":{"start":{"line":17,"column":4},"end":{"line":42,"column":5}},"10":{"start":{"line":18,"column":21},"end":{"line":22,"column":7}},"11":{"start":{"line":24,"column":5},"end":{"line":26,"column":6}},"12":{"start":{"line":25,"column":6},"end":{"line":25,"column":52}},"13":{"start":{"line":28,"column":5},"end":{"line":30,"column":6}},"14":{"start":{"line":29,"column":6},"end":{"line":29,"column":59}},"15":{"start":{"line":32,"column":5},"end":{"line":41,"column":8}},"16":{"start":{"line":44,"column":16},"end":{"line":53,"column":6}},"17":{"start":{"line":48,"column":51},"end":{"line":49,"column":null}},"18":{"start":{"line":55,"column":4},"end":{"line":55,"column":15}},"19":{"start":{"line":59,"column":2},"end":{"line":59,"column":16}},"20":{"start":{"line":61,"column":2},"end":{"line":61,"column":null}},"21":{"start":{"line":65,"column":21},"end":{"line":72,"column":2}},"22":{"start":{"line":65,"column":32},"end":{"line":72,"column":2}},"23":{"start":{"line":66,"column":13},"end":{"line":70,"column":3}},"24":{"start":{"line":71,"column":1},"end":{"line":71,"column":12}},"25":{"start":{"line":74,"column":16},"end":{"line":92,"column":2}},"26":{"start":{"line":74,"column":37},"end":{"line":92,"column":2}},"27":{"start":{"line":75,"column":13},"end":{"line":89,"column":3}},"28":{"start":{"line":91,"column":1},"end":{"line":91,"column":12}},"29":{"start":{"line":94,"column":21},"end":{"line":103,"column":2}},"30":{"start":{"line":94,"column":58},"end":{"line":103,"column":2}},"31":{"start":{"line":95,"column":13},"end":{"line":100,"column":3}},"32":{"start":{"line":102,"column":1},"end":{"line":102,"column":12}},"33":{"start":{"line":105,"column":21},"end":{"line":113,"column":2}},"34":{"start":{"line":105,"column":42},"end":{"line":113,"column":2}},"35":{"start":{"line":106,"column":13},"end":{"line":110,"column":3}},"36":{"start":{"line":112,"column":1},"end":{"line":112,"column":12}},"37":{"start":{"line":117,"column":23},"end":{"line":131,"column":2}},"38":{"start":{"line":117,"column":34},"end":{"line":131,"column":2}},"39":{"start":{"line":118,"column":13},"end":{"line":128,"column":4}},"40":{"start":{"line":130,"column":1},"end":{"line":130,"column":12}},"41":{"start":{"line":132,"column":13},"end":{"line":141,"column":2}}},"fnMap":{"0":{"name":"(anonymous_9)","decl":{"start":{"line":9,"column":21},"end":{"line":9,"column":28}},"loc":{"start":{"line":9,"column":49},"end":{"line":63,"column":2}}},"1":{"name":"(anonymous_10)","decl":{"start":{"line":9,"column":49},"end":{"line":9,"column":null}},"loc":{"start":{"line":9,"column":49},"end":{"line":63,"column":1}}},"2":{"name":"(anonymous_11)","decl":{"start":{"line":16,"column":3},"end":{"line":16,"column":10}},"loc":{"start":{"line":16,"column":16},"end":{"line":57,"column":null}}},"3":{"name":"(anonymous_12)","decl":{"start":{"line":16,"column":16},"end":{"line":16,"column":null}},"loc":{"start":{"line":16,"column":16},"end":{"line":57,"column":4}}},"4":{"name":"(anonymous_13)","decl":{"start":{"line":48,"column":25},"end":{"line":48,"column":26}},"loc":{"start":{"line":48,"column":51},"end":{"line":49,"column":null}}},"5":{"name":"(anonymous_14)","decl":{"start":{"line":65,"column":21},"end":{"line":65,"column":30}},"loc":{"start":{"line":65,"column":32},"end":{"line":72,"column":2}}},"6":{"name":"(anonymous_15)","decl":{"start":{"line":65,"column":32},"end":{"line":65,"column":null}},"loc":{"start":{"line":65,"column":32},"end":{"line":72,"column":1}}},"7":{"name":"(anonymous_16)","decl":{"start":{"line":74,"column":16},"end":{"line":74,"column":23}},"loc":{"start":{"line":74,"column":37},"end":{"line":92,"column":2}}},"8":{"name":"(anonymous_17)","decl":{"start":{"line":74,"column":37},"end":{"line":74,"column":null}},"loc":{"start":{"line":74,"column":37},"end":{"line":92,"column":1}}},"9":{"name":"(anonymous_18)","decl":{"start":{"line":94,"column":21},"end":{"line":94,"column":28}},"loc":{"start":{"line":94,"column":58},"end":{"line":103,"column":2}}},"10":{"name":"(anonymous_19)","decl":{"start":{"line":94,"column":58},"end":{"line":94,"column":null}},"loc":{"start":{"line":94,"column":58},"end":{"line":103,"column":1}}},"11":{"name":"(anonymous_20)","decl":{"start":{"line":105,"column":21},"end":{"line":105,"column":28}},"loc":{"start":{"line":105,"column":42},"end":{"line":113,"column":2}}},"12":{"name":"(anonymous_21)","decl":{"start":{"line":105,"column":42},"end":{"line":105,"column":null}},"loc":{"start":{"line":105,"column":42},"end":{"line":113,"column":1}}},"13":{"name":"(anonymous_22)","decl":{"start":{"line":117,"column":23},"end":{"line":117,"column":32}},"loc":{"start":{"line":117,"column":34},"end":{"line":131,"column":2}}},"14":{"name":"(anonymous_23)","decl":{"start":{"line":117,"column":34},"end":{"line":117,"column":null}},"loc":{"start":{"line":117,"column":34},"end":{"line":131,"column":1}}}},"branchMap":{"0":{"loc":{"start":{"line":24,"column":5},"end":{"line":26,"column":6}},"type":"if","locations":[{"start":{"line":24,"column":5},"end":{"line":26,"column":6}}]},"1":{"loc":{"start":{"line":28,"column":5},"end":{"line":30,"column":6}},"type":"if","locations":[{"start":{"line":28,"column":5},"end":{"line":30,"column":6}}]}},"s":{"0":0,"1":0,"2":0,"3":0,"4":0,"5":0,"6":0,"7":0,"8":0,"9":0,"10":0,"11":0,"12":0,"13":0,"14":0,"15":0,"16":0,"17":0,"18":0,"19":0,"20":0,"21":0,"22":0,"23":0,"24":0,"25":0,"26":0,"27":0,"28":0,"29":0,"30":0,"31":0,"32":0,"33":0,"34":0,"35":0,"36":0,"37":0,"38":0,"39":0,"40":0,"41":0},"f":{"0":0,"1":0,"2":0,"3":0,"4":0,"5":0,"6":0,"7":0,"8":0,"9":0,"10":0,"11":0,"12":0,"13":0,"14":0},"b":{"0":[0],"1":[0]}}
,"C:\\Users\\infoe\\WebstormProjects\\gadget-galaxy-backend\\src\\app\\modules\\product\\product.controller.ts": {"path":"C:\\Users\\infoe\\WebstormProjects\\gadget-galaxy-backend\\src\\app\\modules\\product\\product.controller.ts","statementMap":{"0":{"start":{"line":3,"column":0},"end":{"line":3,"column":51}},"1":{"start":{"line":4,"column":0},"end":{"line":4,"column":55}},"2":{"start":{"line":5,"column":0},"end":{"line":5,"column":53}},"3":{"start":{"line":7,"column":21},"end":{"line":17,"column":2}},"4":{"start":{"line":7,"column":70},"end":{"line":17,"column":2}},"5":{"start":{"line":8,"column":14},"end":{"line":8,"column":22}},"6":{"start":{"line":10,"column":16},"end":{"line":10,"column":56}},"7":{"start":{"line":12,"column":1},"end":{"line":16,"column":4}},"8":{"start":{"line":19,"column":21},"end":{"line":29,"column":2}},"9":{"start":{"line":19,"column":70},"end":{"line":29,"column":2}},"10":{"start":{"line":20,"column":15},"end":{"line":20,"column":24}},"11":{"start":{"line":21,"column":16},"end":{"line":21,"column":67}},"12":{"start":{"line":23,"column":1},"end":{"line":28,"column":4}},"13":{"start":{"line":31,"column":16},"end":{"line":39,"column":2}},"14":{"start":{"line":31,"column":65},"end":{"line":39,"column":2}},"15":{"start":{"line":32,"column":16},"end":{"line":32,"column":60}},"16":{"start":{"line":34,"column":1},"end":{"line":38,"column":4}},"17":{"start":{"line":40,"column":18},"end":{"line":48,"column":2}},"18":{"start":{"line":40,"column":67},"end":{"line":48,"column":2}},"19":{"start":{"line":41,"column":16},"end":{"line":41,"column":64}},"20":{"start":{"line":43,"column":1},"end":{"line":47,"column":4}},"21":{"start":{"line":50,"column":21},"end":{"line":59,"column":2}},"22":{"start":{"line":50,"column":70},"end":{"line":59,"column":2}},"23":{"start":{"line":51,"column":18},"end":{"line":51,"column":28}},"24":{"start":{"line":52,"column":16},"end":{"line":52,"column":66}},"25":{"start":{"line":54,"column":1},"end":{"line":58,"column":4}},"26":{"start":{"line":61,"column":21},"end":{"line":70,"column":2}},"27":{"start":{"line":61,"column":70},"end":{"line":70,"column":2}},"28":{"start":{"line":62,"column":18},"end":{"line":62,"column":28}},"29":{"start":{"line":63,"column":16},"end":{"line":63,"column":56}},"30":{"start":{"line":65,"column":1},"end":{"line":69,"column":4}},"31":{"start":{"line":73,"column":25},"end":{"line":82,"column":2}},"32":{"start":{"line":73,"column":74},"end":{"line":82,"column":2}},"33":{"start":{"line":74,"column":16},"end":{"line":74,"column":26}},"34":{"start":{"line":75,"column":16},"end":{"line":75,"column":58}},"35":{"start":{"line":77,"column":1},"end":{"line":81,"column":4}},"36":{"start":{"line":83,"column":23},"end":{"line":92,"column":2}},"37":{"start":{"line":83,"column":72},"end":{"line":92,"column":2}},"38":{"start":{"line":84,"column":18},"end":{"line":84,"column":28}},"39":{"start":{"line":85,"column":16},"end":{"line":85,"column":58}},"40":{"start":{"line":87,"column":1},"end":{"line":91,"column":4}},"41":{"start":{"line":93,"column":13},"end":{"line":103,"column":2}}},"fnMap":{"0":{"name":"(anonymous_8)","decl":{"start":{"line":7,"column":32},"end":{"line":7,"column":39}},"loc":{"start":{"line":7,"column":70},"end":{"line":17,"column":2}}},"1":{"name":"(anonymous_9)","decl":{"start":{"line":7,"column":70},"end":{"line":7,"column":null}},"loc":{"start":{"line":7,"column":70},"end":{"line":17,"column":1}}},"2":{"name":"(anonymous_10)","decl":{"start":{"line":19,"column":32},"end":{"line":19,"column":39}},"loc":{"start":{"line":19,"column":70},"end":{"line":29,"column":2}}},"3":{"name":"(anonymous_11)","decl":{"start":{"line":19,"column":70},"end":{"line":19,"column":null}},"loc":{"start":{"line":19,"column":70},"end":{"line":29,"column":1}}},"4":{"name":"(anonymous_12)","decl":{"start":{"line":31,"column":27},"end":{"line":31,"column":34}},"loc":{"start":{"line":31,"column":65},"end":{"line":39,"column":2}}},"5":{"name":"(anonymous_13)","decl":{"start":{"line":31,"column":65},"end":{"line":31,"column":null}},"loc":{"start":{"line":31,"column":65},"end":{"line":39,"column":1}}},"6":{"name":"(anonymous_14)","decl":{"start":{"line":40,"column":29},"end":{"line":40,"column":36}},"loc":{"start":{"line":40,"column":67},"end":{"line":48,"column":2}}},"7":{"name":"(anonymous_15)","decl":{"start":{"line":40,"column":67},"end":{"line":40,"column":null}},"loc":{"start":{"line":40,"column":67},"end":{"line":48,"column":1}}},"8":{"name":"(anonymous_16)","decl":{"start":{"line":50,"column":32},"end":{"line":50,"column":39}},"loc":{"start":{"line":50,"column":70},"end":{"line":59,"column":2}}},"9":{"name":"(anonymous_17)","decl":{"start":{"line":50,"column":70},"end":{"line":50,"column":null}},"loc":{"start":{"line":50,"column":70},"end":{"line":59,"column":1}}},"10":{"name":"(anonymous_18)","decl":{"start":{"line":61,"column":32},"end":{"line":61,"column":39}},"loc":{"start":{"line":61,"column":70},"end":{"line":70,"column":2}}},"11":{"name":"(anonymous_19)","decl":{"start":{"line":61,"column":70},"end":{"line":61,"column":null}},"loc":{"start":{"line":61,"column":70},"end":{"line":70,"column":1}}},"12":{"name":"(anonymous_20)","decl":{"start":{"line":73,"column":36},"end":{"line":73,"column":43}},"loc":{"start":{"line":73,"column":74},"end":{"line":82,"column":2}}},"13":{"name":"(anonymous_21)","decl":{"start":{"line":73,"column":74},"end":{"line":73,"column":null}},"loc":{"start":{"line":73,"column":74},"end":{"line":82,"column":1}}},"14":{"name":"(anonymous_22)","decl":{"start":{"line":83,"column":34},"end":{"line":83,"column":41}},"loc":{"start":{"line":83,"column":72},"end":{"line":92,"column":2}}},"15":{"name":"(anonymous_23)","decl":{"start":{"line":83,"column":72},"end":{"line":83,"column":null}},"loc":{"start":{"line":83,"column":72},"end":{"line":92,"column":1}}}},"branchMap":{},"s":{"0":0,"1":0,"2":0,"3":0,"4":0,"5":0,"6":0,"7":0,"8":0,"9":0,"10":0,"11":0,"12":0,"13":0,"14":0,"15":0,"16":0,"17":0,"18":0,"19":0,"20":0,"21":0,"22":0,"23":0,"24":0,"25":0,"26":0,"27":0,"28":0,"29":0,"30":0,"31":0,"32":0,"33":0,"34":0,"35":0,"36":0,"37":0,"38":0,"39":0,"40":0,"41":0},"f":{"0":0,"1":0,"2":0,"3":0,"4":0,"5":0,"6":0,"7":0,"8":0,"9":0,"10":0,"11":0,"12":0,"13":0,"14":0,"15":0},"b":{}}
,"C:\\Users\\infoe\\WebstormProjects\\gadget-galaxy-backend\\src\\app\\modules\\product\\product.route.ts": {"path":"C:\\Users\\infoe\\WebstormProjects\\gadget-galaxy-backend\\src\\app\\modules\\product\\product.route.ts","statementMap":{"0":{"start":{"line":1,"column":0},"end":{"line":1,"column":33}},"1":{"start":{"line":2,"column":0},"end":{"line":2,"column":57}},"2":{"start":{"line":3,"column":0},"end":{"line":3,"column":38}},"3":{"start":{"line":4,"column":0},"end":{"line":4,"column":51}},"4":{"start":{"line":5,"column":0},"end":{"line":5,"column":63}},"5":{"start":{"line":6,"column":0},"end":{"line":6,"column":57}},"6":{"start":{"line":8,"column":15},"end":{"line":8,"column":23}},"7":{"start":{"line":10,"column":0},"end":{"line":17,"column":38}},"8":{"start":{"line":20,"column":0},"end":{"line":20,"column":71}},"9":{"start":{"line":23,"column":0},"end":{"line":23,"column":52}},"10":{"start":{"line":26,"column":0},"end":{"line":30,"column":2}},"11":{"start":{"line":32,"column":0},"end":{"line":42,"column":3}},"12":{"start":{"line":46,"column":13},"end":{"line":46,"column":36}}},"fnMap":{},"branchMap":{},"s":{"0":0,"1":0,"2":0,"3":0,"4":0,"5":0,"6":0,"7":0,"8":0,"9":0,"10":0,"11":0,"12":0},"f":{},"b":{}}
,"C:\\Users\\infoe\\WebstormProjects\\gadget-galaxy-backend\\src\\app\\modules\\product\\product.services.ts": {"path":"C:\\Users\\infoe\\WebstormProjects\\gadget-galaxy-backend\\src\\app\\modules\\product\\product.services.ts","statementMap":{"0":{"start":{"line":2,"column":0},"end":{"line":2,"column":40}},"1":{"start":{"line":3,"column":0},"end":{"line":3,"column":30}},"2":{"start":{"line":4,"column":0},"end":{"line":4,"column":57}},"3":{"start":{"line":6,"column":21},"end":{"line":16,"column":2}},"4":{"start":{"line":6,"column":48},"end":{"line":16,"column":2}},"5":{"start":{"line":7,"column":14},"end":{"line":7,"column":52}},"6":{"start":{"line":8,"column":13},"end":{"line":13,"column":3}},"7":{"start":{"line":15,"column":1},"end":{"line":15,"column":12}},"8":{"start":{"line":18,"column":21},"end":{"line":95,"column":2}},"9":{"start":{"line":18,"column":45},"end":{"line":95,"column":2}},"10":{"start":{"line":19,"column":16},"end":{"line":19,"column":31}},"11":{"start":{"line":21,"column":23},"end":{"line":21,"column":61}},"12":{"start":{"line":22,"column":1},"end":{"line":22,"column":59}},"13":{"start":{"line":22,"column":34},"end":{"line":22,"column":57}},"14":{"start":{"line":24,"column":38},"end":{"line":24,"column":47}},"15":{"start":{"line":24,"column":33},"end":{"line":24,"column":38}},"16":{"start":{"line":25,"column":31},"end":{"line":27,"column":null}},"17":{"start":{"line":29,"column":51},"end":{"line":29,"column":53}},"18":{"start":{"line":31,"column":1},"end":{"line":40,"column":2}},"19":{"start":{"line":32,"column":2},"end":{"line":39,"column":5}},"20":{"start":{"line":33,"column":32},"end":{"line":38,"column":5}},"21":{"start":{"line":42,"column":1},"end":{"line":54,"column":2}},"22":{"start":{"line":43,"column":23},"end":{"line":43,"column":49}},"23":{"start":{"line":44,"column":2},"end":{"line":53,"column":5}},"24":{"start":{"line":57,"column":1},"end":{"line":65,"column":2}},"25":{"start":{"line":58,"column":2},"end":{"line":64,"column":5}},"26":{"start":{"line":59,"column":41},"end":{"line":63,"column":5}},"27":{"start":{"line":66,"column":1},"end":{"line":68,"column":4}},"28":{"start":{"line":69,"column":51},"end":{"line":69,"column":73}},"29":{"start":{"line":71,"column":15},"end":{"line":71,"column":69}},"30":{"start":{"line":72,"column":20},"end":{"line":72,"column":44}},"31":{"start":{"line":74,"column":16},"end":{"line":85,"column":3}},"32":{"start":{"line":86,"column":14},"end":{"line":90,"column":3}},"33":{"start":{"line":91,"column":1},"end":{"line":94,"column":3}},"34":{"start":{"line":97,"column":16},"end":{"line":104,"column":2}},"35":{"start":{"line":97,"column":37},"end":{"line":104,"column":2}},"36":{"start":{"line":98,"column":13},"end":{"line":102,"column":3}},"37":{"start":{"line":103,"column":1},"end":{"line":103,"column":12}},"38":{"start":{"line":106,"column":18},"end":{"line":125,"column":2}},"39":{"start":{"line":106,"column":41},"end":{"line":125,"column":2}},"40":{"start":{"line":107,"column":13},"end":{"line":123,"column":3}},"41":{"start":{"line":124,"column":1},"end":{"line":124,"column":12}},"42":{"start":{"line":127,"column":21},"end":{"line":136,"column":2}},"43":{"start":{"line":127,"column":69},"end":{"line":136,"column":2}},"44":{"start":{"line":128,"column":13},"end":{"line":133,"column":3}},"45":{"start":{"line":135,"column":1},"end":{"line":135,"column":12}},"46":{"start":{"line":138,"column":21},"end":{"line":146,"column":2}},"47":{"start":{"line":138,"column":42},"end":{"line":146,"column":2}},"48":{"start":{"line":139,"column":13},"end":{"line":143,"column":3}},"49":{"start":{"line":145,"column":1},"end":{"line":145,"column":12}},"50":{"start":{"line":148,"column":25},"end":{"line":159,"column":2}},"51":{"start":{"line":148,"column":46},"end":{"line":159,"column":2}},"52":{"start":{"line":149,"column":13},"end":{"line":156,"column":3}},"53":{"start":{"line":158,"column":1},"end":{"line":158,"column":12}},"54":{"start":{"line":160,"column":23},"end":{"line":176,"column":2}},"55":{"start":{"line":160,"column":46},"end":{"line":176,"column":2}},"56":{"start":{"line":161,"column":24},"end":{"line":163,"column":3}},"57":{"start":{"line":164,"column":18},"end":{"line":164,"column":44}},"58":{"start":{"line":165,"column":18},"end":{"line":165,"column":44}},"59":{"start":{"line":167,"column":13},"end":{"line":173,"column":3}},"60":{"start":{"line":175,"column":1},"end":{"line":175,"column":12}},"61":{"start":{"line":177,"column":13},"end":{"line":187,"column":2}}},"fnMap":{"0":{"name":"(anonymous_9)","decl":{"start":{"line":6,"column":21},"end":{"line":6,"column":28}},"loc":{"start":{"line":6,"column":48},"end":{"line":16,"column":2}}},"1":{"name":"(anonymous_10)","decl":{"start":{"line":6,"column":48},"end":{"line":6,"column":null}},"loc":{"start":{"line":6,"column":48},"end":{"line":16,"column":1}}},"2":{"name":"(anonymous_11)","decl":{"start":{"line":18,"column":21},"end":{"line":18,"column":28}},"loc":{"start":{"line":18,"column":45},"end":{"line":95,"column":2}}},"3":{"name":"(anonymous_12)","decl":{"start":{"line":18,"column":45},"end":{"line":18,"column":null}},"loc":{"start":{"line":18,"column":45},"end":{"line":95,"column":1}}},"4":{"name":"(anonymous_13)","decl":{"start":{"line":22,"column":23},"end":{"line":22,"column":24}},"loc":{"start":{"line":22,"column":34},"end":{"line":22,"column":57}}},"5":{"name":"(anonymous_14)","decl":{"start":{"line":33,"column":20},"end":{"line":33,"column":21}},"loc":{"start":{"line":33,"column":32},"end":{"line":38,"column":5}}},"6":{"name":"(anonymous_15)","decl":{"start":{"line":59,"column":31},"end":{"line":59,"column":32}},"loc":{"start":{"line":59,"column":41},"end":{"line":63,"column":5}}},"7":{"name":"(anonymous_16)","decl":{"start":{"line":97,"column":16},"end":{"line":97,"
[...]
rt":{"line":40,"column":16},"end":{"line":40,"column":26}},"19":{"start":{"line":41,"column":16},"end":{"line":41,"column":51}},"20":{"start":{"line":43,"column":1},"end":{"line":47,"column":4}},"21":{"start":{"line":51,"column":25},"end":{"line":60,"column":2}},"22":{"start":{"line":51,"column":74},"end":{"line":60,"column":2}},"23":{"start":{"line":52,"column":16},"end":{"line":52,"column":26}},"24":{"start":{"line":53,"column":16},"end":{"line":53,"column":64}},"25":{"start":{"line":55,"column":1},"end":{"line":59,"column":4}},"26":{"start":{"line":62,"column":20},"end":{"line":71,"column":2}},"27":{"start":{"line":62,"column":69},"end":{"line":71,"column":2}},"28":{"start":{"line":64,"column":16},"end":{"line":64,"column":48}},"29":{"start":{"line":66,"column":1},"end":{"line":70,"column":4}},"30":{"start":{"line":74,"column":13},"end":{"line":85,"column":2}}},"fnMap":{"0":{"name":"(anonymous_8)","decl":{"start":{"line":8,"column":32},"end":{"line":8,"column":39}},"loc":{"start":{"line":8,"column":70},"end":{"line":16,"column":2}}},"1":{"name":"(anonymous_9)","decl":{"start":{"line":8,"column":70},"end":{"line":8,"column":null}},"loc":{"start":{"line":8,"column":70},"end":{"line":16,"column":1}}},"2":{"name":"(anonymous_10)","decl":{"start":{"line":18,"column":27},"end":{"line":18,"column":34}},"loc":{"start":{"line":18,"column":65},"end":{"line":26,"column":2}}},"3":{"name":"(anonymous_11)","decl":{"start":{"line":18,"column":65},"end":{"line":18,"column":null}},"loc":{"start":{"line":18,"column":65},"end":{"line":26,"column":1}}},"4":{"name":"(anonymous_12)","decl":{"start":{"line":28,"column":32},"end":{"line":28,"column":39}},"loc":{"start":{"line":28,"column":70},"end":{"line":37,"column":2}}},"5":{"name":"(anonymous_13)","decl":{"start":{"line":28,"column":70},"end":{"line":28,"column":null}},"loc":{"start":{"line":28,"column":70},"end":{"line":37,"column":1}}},"6":{"name":"(anonymous_14)","decl":{"start":{"line":39,"column":32},"end":{"line":39,"column":39}},"loc":{"start":{"line":39,"column":70},"end":{"line":48,"column":2}}},"7":{"name":"(anonymous_15)","decl":{"start":{"line":39,"column":70},"end":{"line":39,"column":null}},"loc":{"start":{"line":39,"column":70},"end":{"line":48,"column":1}}},"8":{"name":"(anonymous_16)","decl":{"start":{"line":51,"column":36},"end":{"line":51,"column":43}},"loc":{"start":{"line":51,"column":74},"end":{"line":60,"column":2}}},"9":{"name":"(anonymous_17)","decl":{"start":{"line":51,"column":74},"end":{"line":51,"column":null}},"loc":{"start":{"line":51,"column":74},"end":{"line":60,"column":1}}},"10":{"name":"(anonymous_18)","decl":{"start":{"line":62,"column":31},"end":{"line":62,"column":38}},"loc":{"start":{"line":62,"column":69},"end":{"line":71,"column":2}}},"11":{"name":"(anonymous_19)","decl":{"start":{"line":62,"column":69},"end":{"line":62,"column":null}},"loc":{"start":{"line":62,"column":69},"end":{"line":71,"column":1}}}},"branchMap":{},"s":{"0":0,"1":0,"2":0,"3":0,"4":0,"5":0,"6":0,"7":0,"8":0,"9":0,"10":0,"11":0,"12":0,"13":0,"14":0,"15":0,"16":0,"17":0,"18":0,"19":0,"20":0,"21":0,"22":0,"23":0,"24":0,"25":0,"26":0,"27":0,"28":0,"29":0,"30":0},"f":{"0":0,"1":0,"2":0,"3":0,"4":0,"5":0,"6":0,"7":0,"8":0,"9":0,"10":0,"11":0},"b":{}}
,"C:\\Users\\infoe\\WebstormProjects\\gadget-galaxy-backend\\src\\app\\modules\\user\\user.route.ts": {"path":"C:\\Users\\infoe\\WebstormProjects\\gadget-galaxy-backend\\src\\app\\modules\\user\\user.route.ts","statementMap":{"0":{"start":{"line":1,"column":0},"end":{"line":1,"column":33}},"1":{"start":{"line":2,"column":0},"end":{"line":2,"column":51}},"2":{"start":{"line":4,"column":15},"end":{"line":4,"column":23}},"3":{"start":{"line":5,"column":0},"end":{"line":5,"column":45}},"4":{"start":{"line":6,"column":0},"end":{"line":6,"column":null}},"5":{"start":{"line":7,"column":0},"end":{"line":11,"column":38}},"6":{"start":{"line":12,"column":0},"end":{"line":12,"column":null}},"7":{"start":{"line":13,"column":13},"end":{"line":13,"column":33}}},"fnMap":{},"branchMap":{},"s":{"0":0,"1":0,"2":0,"3":0,"4":0,"5":0,"6":0,"7":0},"f":{},"b":{}}
,"C:\\Users\\infoe\\WebstormProjects\\gadget-galaxy-backend\\src\\app\\modules\\user\\user.services.ts": {"path":"C:\\Users\\infoe\\WebstormProjects\\gadget-galaxy-backend\\src\\app\\modules\\user\\user.services.ts","statementMap":{"0":{"start":{"line":2,"column":0},"end":{"line":2,"column":40}},"1":{"start":{"line":5,"column":21},"end":{"line":21,"column":2}},"2":{"start":{"line":5,"column":32},"end":{"line":21,"column":2}},"3":{"start":{"line":6,"column":14},"end":{"line":18,"column":3}},"4":{"start":{"line":20,"column":1},"end":{"line":20,"column":13}},"5":{"start":{"line":23,"column":16},"end":{"line":42,"column":2}},"6":{"start":{"line":23,"column":37},"end":{"line":42,"column":2}},"7":{"start":{"line":24,"column":20},"end":{"line":39,"column":3}},"8":{"start":{"line":41,"column":1},"end":{"line":41,"column":19}},"9":{"start":{"line":44,"column":21},"end":{"line":63,"column":2}},"10":{"start":{"line":44,"column":57},"end":{"line":63,"column":2}},"11":{"start":{"line":45,"column":14},"end":{"line":60,"column":3}},"12":{"start":{"line":62,"column":1},"end":{"line":62,"column":13}},"13":{"start":{"line":65,"column":21},"end":{"line":73,"column":2}},"14":{"start":{"line":65,"column":42},"end":{"line":73,"column":2}},"15":{"start":{"line":66,"column":13},"end":{"line":70,"column":3}},"16":{"start":{"line":72,"column":1},"end":{"line":72,"column":12}},"17":{"start":{"line":74,"column":25},"end":{"line":89,"column":null}},"18":{"start":{"line":74,"column":68},"end":{"line":89,"column":null}},"19":{"start":{"line":75,"column":13},"end":{"line":86,"column":3}},"20":{"start":{"line":88,"column":1},"end":{"line":88,"column":12}},"21":{"start":{"line":93,"column":20},"end":{"line":111,"column":null}},"22":{"start":{"line":93,"column":29},"end":{"line":111,"column":null}},"23":{"start":{"line":94,"column":14},"end":{"line":109,"column":4}},"24":{"start":{"line":110,"column":1},"end":{"line":110,"column":12}},"25":{"start":{"line":114,"column":13},"end":{"line":121,"column":2}}},"fnMap":{"0":{"name":"(anonymous_7)","decl":{"start":{"line":5,"column":21},"end":{"line":5,"column":30}},"loc":{"start":{"line":5,"column":32},"end":{"line":21,"column":2}}},"1":{"name":"(anonymous_8)","decl":{"start":{"line":5,"column":32},"end":{"line":5,"column":null}},"loc":{"start":{"line":5,"column":32},"end":{"line":21,"column":1}}},"2":{"name":"(anonymous_9)","decl":{"start":{"line":23,"column":16},"end":{"line":23,"column":23}},"loc":{"start":{"line":23,"column":37},"end":{"line":42,"column":2}}},"3":{"name":"(anonymous_10)","decl":{"start":{"line":23,"column":37},"end":{"line":23,"column":null}},"loc":{"start":{"line":23,"column":37},"end":{"line":42,"column":1}}},"4":{"name":"(anonymous_11)","decl":{"start":{"line":44,"column":21},"end":{"line":44,"column":28}},"loc":{"start":{"line":44,"column":57},"end":{"line":63,"column":2}}},"5":{"name":"(anonymous_12)","decl":{"start":{"line":44,"column":57},"end":{"line":44,"column":null}},"loc":{"start":{"line":44,"column":57},"end":{"line":63,"column":1}}},"6":{"name":"(anonymous_13)","decl":{"start":{"line":65,"column":21},"end":{"line":65,"column":28}},"loc":{"start":{"line":65,"column":42},"end":{"line":73,"column":2}}},"7":{"name":"(anonymous_14)","decl":{"start":{"line":65,"column":42},"end":{"line":65,"column":null}},"loc":{"start":{"line":65,"column":42},"end":{"line":73,"column":1}}},"8":{"name":"(anonymous_15)","decl":{"start":{"line":74,"column":25},"end":{"line":74,"column":31}},"loc":{"start":{"line":74,"column":68},"end":{"line":89,"column":null}}},"9":{"name":"(anonymous_16)","decl":{"start":{"line":74,"column":68},"end":{"line":74,"column":null}},"loc":{"start":{"line":74,"column":68},"end":{"line":89,"column":1}}},"10":{"name":"(anonymous_17)","decl":{"start":{"line":93,"column":20},"end":{"line":93,"column":27}},"loc":{"start":{"line":93,"column":29},"end":{"line":111,"column":null}}},"11":{"name":"(anonymous_18)","decl":{"start":{"line":93,"column":29},"end":{"line":93,"column":null}},"loc":{"start":{"line":93,"column":29},"end":{"line":111,"column":1}}}},"branchMap":{},"s":{"0":0,"1":0,"2":0,"3":0,"4":0,"5":0,"6":0,"7":0,"8":0,"9":0,"10":0,"11":0,"12":0,"13":0,"14":0,"15":0,"16":0,"17":0,"18":0,"19":0,"20":0,"21":0,"22":0,"23":0,"24":0,"25":0},"f":{"0":0,"1":0,"2":0,"3":0,"4":0,"5":0,"6":0,"7":0,"8":0,"9":0,"10":0,"11":0},"b":{}}
,"C:\\Users\\infoe\\WebstormProjects\\gadget-galaxy-backend\\src\\app\\routes\\index.ts": {"path":"C:\\Users\\infoe\\WebstormProjects\\gadget-galaxy-backend\\src\\app\\routes\\index.ts","statementMap":{"0":{"start":{"line":1,"column":0},"end":{"line":1,"column":33}},"1":{"start":{"line":2,"column":0},"end":{"line":2,"column":42}},"2":{"start":{"line":4,"column":15},"end":{"line":4,"column":23}},"3":{"start":{"line":6,"column":0},"end":{"line":6,"column":64}},"4":{"start":{"line":6,"column":29},"end":{"line":6,"column":62}},"5":{"start":{"line":8,"column":13},"end":{"line":8,"column":33}}},"fnMap":{"0":{"name":"(anonymous_0)","decl":{"start":{"line":6,"column":19},"end":{"line":6,"column":20}},"loc":{"start":{"line":6,"column":29},"end":{"line":6,"column":62}}}},"branchMap":{},"s":{"0":0,"1":0,"2":0,"3":0,"4":0,"5":0},"f":{"0":0},"b":{}}
,"C:\\Users\\infoe\\WebstormProjects\\gadget-galaxy-backend\\src\\app\\routes\\routeArray.ts": {"path":"C:\\Users\\infoe\\WebstormProjects\\gadget-galaxy-backend\\src\\app\\routes\\routeArray.ts","statementMap":{"0":{"start":{"line":2,"column":0},"end":{"line":2,"column":56}},"1":{"start":{"line":3,"column":0},"end":{"line":3,"column":65}},"2":{"start":{"line":4,"column":0},"end":{"line":4,"column":59}},"3":{"start":{"line":5,"column":0},"end":{"line":5,"column":65}},"4":{"start":{"line":6,"column":0},"end":{"line":6,"column":56}},"5":{"start":{"line":7,"column":0},"end":{"line":7,"column":65}},"6":{"start":{"line":9,"column":0},"end":{"line":9,"column":69}},"7":{"start":{"line":10,"column":0},"end":{"line":10,"column":76}},"8":{"start":{"line":11,"column":0},"end":{"line":11,"column":68}},"9":{"start":{"line":12,"column":0},"end":{"line":12,"column":71}},"10":{"start":{"line":13,"column":0},"end":{"line":13,"column":62}},"11":{"start":{"line":15,"column":13},"end":{"line":61,"column":2}}},"fnMap":{},"branchMap":{},"s":{"0":0,"1":0,"2":0,"3":0,"4":0,"5":0,"6":0,"7":0,"8":0,"9":0,"10":0,"11":0},"f":{},"b":{}}
,"C:\\Users\\infoe\\WebstormProjects\\gadget-galaxy-backend\\src\\config\\index.ts": {"path":"C:\\Users\\infoe\\WebstormProjects\\gadget-galaxy-backend\\src\\config\\index.ts","statementMap":{"0":{"start":{"line":1,"column":0},"end":{"line":1,"column":24}},"1":{"start":{"line":2,"column":0},"end":{"line":2,"column":28}},"2":{"start":{"line":4,"column":0},"end":{"line":4,"column":64}},"3":{"start":{"line":6,"column":0},"end":{"line":24,"column":2}}},"fnMap":{},"branchMap":{},"s":{"0":0,"1":0,"2":0,"3":0},"f":{},"b":{}}
,"C:\\Users\\infoe\\WebstormProjects\\gadget-galaxy-backend\\src\\db\\db.ts": {"path":"C:\\Users\\infoe\\WebstormProjects\\gadget-galaxy-backend\\src\\db\\db.ts","statementMap":{"0":{"start":{"line":1,"column":0},"end":{"line":1,"column":46}},"1":{"start":{"line":3,"column":24},"end":{"line":3,"column":null}},"2":{"start":{"line":7,"column":13},"end":{"line":7,"column":67}},"3":{"start":{"line":9,"column":0},"end":{"line":9,"column":75}},"4":{"start":{"line":9,"column":43},"end":{"line":9,"column":75}}},"fnMap":{},"branchMap":{"0":{"loc":{"start":{"line":7,"column":22},"end":{"line":7,"column":66}},"type":"cond-expr","locations":[{"start":{"line":7,"column":44},"end":{"line":7,"column":48}},{"start":{"line":7,"column":48},"end":{"line":7,"column":66}}]},"1":{"loc":{"start":{"line":7,"column":22},"end":{"line":7,"column":48}},"type":"binary-expr","locations":[{"start":{"line":7,"column":22},"end":{"line":7,"column":48}},{"start":{"line":7,"column":44},"end":{"line":7,"column":48}}]},"2":{"loc":{"start":{"line":9,"column":0},"end":{"line":9,"column":75}},"type":"if","locations":[{"start":{"line":9,"column":0},"end":{"line":9,"column":75}}]}},"s":{"0":0,"1":0,"2":0,"3":0,"4":0},"f":{},"b":{"0":[0,0],"1":[0,0],"2":[0]}}
,"C:\\Users\\infoe\\WebstormProjects\\gadget-galaxy-backend\\src\\helpers\\fileUploader.ts": {"path":"C:\\Users\\infoe\\WebstormProjects\\gadget-galaxy-backend\\src\\helpers\\fileUploader.ts","statementMap":{"0":{"start":{"line":2,"column":0},"end":{"line":2,"column":34}},"1":{"start":{"line":19,"column":19},"end":{"line":19,"column":40}},"2":{"start":{"line":20,"column":30},"end":{"line":20,"column":66}},"3":{"start":{"line":22,"column":15},"end":{"line":22,"column":32}},"4":{"start":{"line":24,"column":0},"end":{"line":29,"column":3}},"5":{"start":{"line":31,"column":16},"end":{"line":33,"column":2}},"6":{"start":{"line":35,"column":13},"end":{"line":35,"column":57}}},"fnMap":{},"branchMap":{},"s":{"0":0,"1":0,"2":0,"3":0,"4":0,"5":0,"6":0},"f":{},"b":{}}
,"C:\\Users\\infoe\\WebstormProjects\\gadget-galaxy-backend\\src\\helpers\\orderBy.ts": {"path":"C:\\Users\\infoe\\WebstormProjects\\gadget-galaxy-backend\\src\\helpers\\orderBy.ts","statementMap":{"0":{"start":{"line":1,"column":23},"end":{"line":9,"column":1}},"1":{"start":{"line":3,"column":4},"end":{"line":7,"column":5}},"2":{"start":{"line":4,"column":8},"end":{"line":6,"column":null}},"3":{"start":{"line":1,"column":13},"end":{"line":1,"column":23}}},"fnMap":{"0":{"name":"(anonymous_0)","decl":{"start":{"line":1,"column":23},"end":{"line":1,"column":24}},"loc":{"start":{"line":1,"column":41},"end":{"line":9,"column":1}}}},"branchMap":{"0":{"loc":{"start":{"line":3,"column":4},"end":{"line":7,"column":5}},"type":"if","locations":[{"start":{"line":3,"column":4},"end":{"line":7,"column":5}}]}},"s":{"0":0,"1":0,"2":0,"3":0},"f":{"0":0},"b":{"0":[0]}}
,"C:\\Users\\infoe\\WebstormProjects\\gadget-galaxy-backend\\src\\helpers\\pagination.ts": {"path":"C:\\Users\\infoe\\WebstormProjects\\gadget-galaxy-backend\\src\\helpers\\pagination.ts","statementMap":{"0":{"start":{"line":1,"column":26},"end":{"line":7,"column":1}},"1":{"start":{"line":2,"column":17},"end":{"line":2,"column":23}},"2":{"start":{"line":3,"column":18},"end":{"line":3,"column":25}},"3":{"start":{"line":4,"column":17},"end":{"line":4,"column":33}},"4":{"start":{"line":6,"column":4},"end":{"line":6,"column":null}},"5":{"start":{"line":1,"column":13},"end":{"line":1,"column":26}}},"fnMap":{"0":{"name":"(anonymous_0)","decl":{"start":{"line":1,"column":26},"end":{"line":1,"column":27}},"loc":{"start":{"line":1,"column":48},"end":{"line":7,"column":1}}}},"branchMap":{"0":{"loc":{"start":{"line":2,"column":17},"end":{"line":2,"column":23}},"type":"binary-expr","locations":[{"start":{"line":2,"column":17},"end":{"line":2,"column":18}},{"start":{"line":2,"column":22},"end":{"line":2,"column":23}}]},"1":{"loc":{"start":{"line":3,"column":18},"end":{"line":3,"column":25}},"type":"binary-expr","locations":[{"start":{"line":3,"column":18},"end":{"line":3,"column":19}},{"start":{"line":3,"column":23},"end":{"line":3,"column":25}}]}},"s":{"0":1,"1":2,"2":2,"3":2,"4":2,"5":1},"f":{"0":2},"b":{"0":[2,1],"1":[2,1]}}
,"C:\\Users\\infoe\\WebstormProjects\\gadget-galaxy-backend\\src\\helpers\\sendEmail.ts": {"path":"C:\\Users\\infoe\\WebstormProjects\\gadget-galaxy-backend\\src\\helpers\\sendEmail.ts","statementMap":{"0":{"start":{"line":1,"column":0},"end":{"line":1,"column":36}},"1":{"start":{"line":2,"column":0},"end":{"line":2,"column":31}},"2":{"start":{"line":4,"column":25},"end":{"line":29,"column":2}},"3":{"start":{"line":4,"column":60},"end":{"line":29,"column":2}},"4":{"start":{"line":5,"column":21},"end":{"line":13,"column":3}},"5":{"start":{"line":15,"column":14},"end":{"line":27,"column":3}},"6":{"start":{"line":28,"column":1},"end":{"line":28,"column":24}},"7":{"start":{"line":4,"column":13},"end":{"line":4,"column":25}}},"fnMap":{"0":{"name":"(anonymous_8)","decl":{"start":{"line":4,"column":25},"end":{"line":4,"column":32}},"loc":{"start":{"line":4,"column":60},"end":{"line":29,"column":2}}},"1":{"name":"(anonymous_9)","decl":{"start":{"line":4,"column":60},"end":{"line":4,"column":null}},"loc":{"start":{"line":4,"column":60},"end":{"line":29,"column":1}}}},"branchMap":{"0":{"loc":{"start":{"line":7,"column":8},"end":{"line":7,"column":52}},"type":"cond-expr","locations":[{"start":{"line":7,"column":43},"end":{"line":7,"column":46}},{"start":{"line":7,"column":49},"end":{"line":7,"column":52}}]},"1":{"loc":{"start":{"line":8,"column":10},"end":{"line":8,"column":57}},"type":"cond-expr","locations":[{"start":{"line":8,"column":45},"end":{"line":8,"column":49}},{"start":{"line":8,"column":52},"end":{"line":8,"column":57}}]},"2":{"loc":{"start":{"line":28,"column":8},"end":{"line":28,"column":23}},"type":"cond-expr","locations":[{"start":{"line":28,"column":12},"end":{"line":28,"column":14}},{"start":{"line":28,"column":8},"end":{"line":28,"column":23}}]},"3":{"loc":{"start":{"line":28,"column":8},"end":{"line":28,"column":14}},"type":"binary-expr","locations":[{"start":{"line":28,"column":8},"end":{"line":28,"column":14}},{"start":{"line":28,"column":8},"end":{"line":28,"column":14}}]}},"s":{"0":0,"1":0,"2":0,"3":0,"4":0,"5":0,"6":0,"7":0},"f":{"0":0,"1":0},"b":{"0":[0,0],"1":[0,0],"2":[0,0],"3":[0,0]}}
,"C:\\Users\\infoe\\WebstormProjects\\gadget-galaxy-backend\\src\\types\\express.d.ts": {"path":"C:\\Users\\infoe\\WebstormProjects\\gadget-galaxy-backend\\src\\types\\express.d.ts","statementMap":{},"fnMap":{},"branchMap":{},"s":{},"f":{},"b":{}}
,"C:\\Users\\infoe\\WebstormProjects\\gadget-galaxy-backend\\src\\utils\\appError.ts": {"path":"C:\\Users\\infoe\\WebstormProjects\\gadget-galaxy-backend\\src\\utils\\appError.ts","statementMap":{"0":{"start":{"line":5,"column":2},"end":{"line":5,"column":17}},"1":{"start":{"line":6,"column":2},"end":{"line":6,"column":25}},"2":{"start":{"line":8,"column":2},"end":{"line":8,"column":50}},"3":{"start":{"line":12,"column":0},"end":{"line":12,"column":24}}},"fnMap":{"0":{"name":"(anonymous_0)","decl":{"start":{"line":4,"column":1},"end":{"line":4,"column":13}},"loc":{"start":{"line":4,"column":42},"end":{"line":9,"column":2}}}},"branchMap":{},"s":{"0":0,"1":0,"2":0,"3":0},"f":{"0":0},"b":{}}
,"C:\\Users\\infoe\\WebstormProjects\\gadget-galaxy-backend\\src\\utils\\catchAsync.ts": {"path":"C:\\Users\\infoe\\WebstormProjects\\gadget-galaxy-backend\\src\\utils\\catchAsync.ts","statementMap":{"0":{"start":{"line":3,"column":19},"end":{"line":7,"column":1}},"1":{"start":{"line":4,"column":1},"end":{"line":6,"column":3}},"2":{"start":{"line":5,"column":2},"end":{"line":5,"column":64}},"3":{"start":{"line":5,"column":53},"end":{"line":5,"column":62}},"4":{"start":{"line":8,"column":0},"end":{"line":8,"column":26}}},"fnMap":{"0":{"name":"(anonymous_0)","decl":{"start":{"line":3,"column":19},"end":{"line":3,"column":20}},"loc":{"start":{"line":3,"column":42},"end":{"line":7,"column":1}}},"1":{"name":"(anonymous_1)","decl":{"start":{"line":4,"column":8},"end":{"line":4,"column":9}},"loc":{"start":{"line":4,"column":60},"end":{"line":6,"column":2}}},"2":{"name":"(anonymous_2)","decl":{"start":{"line":5,"column":44},"end":{"line":5,"column":45}},"loc":{"start":{"line":5,"column":53},"end":{"line":5,"column":62}}}},"branchMap":{},"s":{"0":0,"1":0,"2":0,"3":0,"4":0},"f":{"0":0,"1":0,"2":0},"b":{}}
,"C:\\Users\\infoe\\WebstormProjects\\gadget-galaxy-backend\\src\\utils\\sendResponse.ts": {"path":"C:\\Users\\infoe\\WebstormProjects\\gadget-galaxy-backend\\src\\utils\\sendResponse.ts","statementMap":{"0":{"start":{"line":13,"column":21},"end":{"line":20,"column":1}},"1":{"start":{"line":14,"column":1},"end":{"line":19,"column":4}},"2":{"start":{"line":21,"column":0},"end":{"line":21,"column":28}}},"fnMap":{"0":{"name":"(anonymous_0)","decl":{"start":{"line":13,"column":21},"end":{"line":13,"column":25}},"loc":{"start":{"line":13,"column":65},"end":{"line":20,"column":1}}}},"branchMap":{},"s":{"0":0,"1":0,"2":0},"f":{"0":0},"b":{}}
}
